#
# A fatal error has been detected by the Java Runtime Environment:
#
#  EXCEPTION_ACCESS_VIOLATION (0xc0000005) at pc=0x0000000066bd43ef, pid=6212, tid=0x0000000000001738
#
# JRE version: OpenJDK Runtime Environment (8.0_112-b06) (build 1.8.0_112-release-b06)
# Java VM: OpenJDK 64-Bit Server VM (25.112-b06 mixed mode windows-amd64 compressed oops)
# Problematic frame:
# C  [gdx-box2d64.dll+0x143ef]
#
# Failed to write core dump. Minidumps are not enabled by default on client versions of Windows
#
# If you would like to submit a bug report, please visit:
#   http://bugreport.java.com/bugreport/crash.jsp
# The crash happened outside the Java Virtual Machine in native code.
# See problematic frame for where to report the bug.
#

---------------  T H R E A D  ---------------

Current thread (0x000000005adda800):  JavaThread "LWJGL Application" [_thread_in_native, id=5944, stack(0x000000005c3f0000,0x000000005c4f0000)]

siginfo: ExceptionCode=0xc0000005, reading address 0xffffffffffffffff

Registers:
RAX=0x000000005f3b2b40, RBX=0x000000005f3b2a40, RCX=0x000000005f3b2a40, RDX=0x0000000000490750
RSP=0x000000005c4eefd0, RBP=0x00000000004ab460, RSI=0x0000000000490750, RDI=0x0000000000490750
R8 =0x0000000000490750, R9 =0x000000005f3b2a40, R10=0x0000000002867c68, R11=0x0000000072162eb0
R12=0x0000000000000001, R13=0x00000000576bf9a0, R14=0x000000005c4ef1b0, R15=0x000000005adda800
RIP=0x0000000066bd43ef, EFLAGS=0x0000000000010202

Top of Stack: (sp=0x000000005c4eefd0)
0x000000005c4eefd0:   0000000057457568 000000005adda800
0x000000005c4eefe0:   0000001900000001 0000000000000000
0x000000005c4eeff0:   0000000000000000 000000005f3b2a40
0x000000005c4ef000:   00000000004a9d20 0000000066be2743
0x000000005c4ef010:   0000000062f680a0 0000000063f67ea0
0x000000005c4ef020:   0000000057455128 000000005adda800
0x000000005c4ef030:   0000000000490750 000000005f3b2a40
0x000000005c4ef040:   000000005ade01f0 000000005c4ef170
0x000000005c4ef050:   0000000000000000 0000000066be903d
0x000000005c4ef060:   000000005adda800 000000005adda800
0x000000005c4ef070:   000000005c4ef0f8 000000000289556a
0x000000005c4ef080:   0000000066c1c830 000000005adda9e0
0x000000005c4ef090:   000000005c4ef1b0 0000000000000000
0x000000005c4ef0a0:   0000000066c1c8b0 000000005adda9e0
0x000000005c4ef0b0:   000000005c4ef1b0 000000005c4ef128
0x000000005c4ef0c0:   0000000057458e70 00000000576bf9a0 

Instructions: (pc=0x0000000066bd43ef)
0x0000000066bd43cf:   b8 79 00 00 00 e8 a7 fc 01 00 31 c0 e9 f4 fd ff
0x0000000066bd43df:   ff 56 53 48 83 ec 28 48 8b 01 48 89 cb 48 89 d6
0x0000000066bd43ef:   ff 50 30 83 7b 08 0b 0f 87 94 00 00 00 44 8b 43
0x0000000066bd43ff:   08 48 8d 05 b9 28 04 00 4e 63 04 80 4c 01 c0 ff 


Register to memory mapping:

RAX=0x000000005f3b2b40 is an unknown value
RBX=0x000000005f3b2a40 is an unknown value
RCX=0x000000005f3b2a40 is an unknown value
RDX=0x0000000000490750 is an unknown value
RSP=0x000000005c4eefd0 is pointing into the stack for thread: 0x000000005adda800
RBP=0x00000000004ab460 is an unknown value
RSI=0x0000000000490750 is an unknown value
RDI=0x0000000000490750 is an unknown value
R8 =0x0000000000490750 is an unknown value
R9 =0x000000005f3b2a40 is an unknown value
R10=0x0000000002867c68 is at code_begin+840 in an Interpreter codelet
method entry point (kind = native)  [0x0000000002867920, 0x0000000002868280]  2400 bytes
R11=0x0000000072162eb0 is an unknown value
R12=0x0000000000000001 is an unknown value
R13={method} {0x00000000576bf9a8} 'jniDestroyJoint' '(JJ)V' in 'com/badlogic/gdx/physics/box2d/World'
R14=0x000000005c4ef1b0 is pointing into the stack for thread: 0x000000005adda800
R15=0x000000005adda800 is a thread


Stack: [0x000000005c3f0000,0x000000005c4f0000],  sp=0x000000005c4eefd0,  free space=1019k
Native frames: (J=compiled Java code, j=interpreted, Vv=VM code, C=native code)
C  [gdx-box2d64.dll+0x143ef]
C  [gdx-box2d64.dll+0x22743]
C  [gdx-box2d64.dll+0x2903d]
C  0x0000000002867c94

Java frames: (J=compiled Java code, j=interpreted, Vv=VM code)
j  com.badlogic.gdx.physics.box2d.World.jniDestroyJoint(JJ)V+0
j  com.badlogic.gdx.physics.box2d.World.destroyJoint(Lcom/badlogic/gdx/physics/box2d/Joint;)V+64
j  com.fcfruit.zombiesmash.zombies.Part.touchUp(FFI)V+25
j  com.fcfruit.zombiesmash.zombies.Zombie.touchUp(FFI)V+51
j  com.fcfruit.zombiesmash.physics.Physics.touchUp(FFI)V+36
j  com.fcfruit.zombiesmash.stages.GameStage.touchUp(IIII)Z+34
j  com.badlogic.gdx.InputMultiplexer.touchUp(IIII)Z+36
J 1381 C1 com.badlogic.gdx.backends.lwjgl.LwjglInput.processEvents()V (478 bytes) @ 0x0000000002d8b4b4 [0x0000000002d8a720+0xd94]
j  com.badlogic.gdx.backends.lwjgl.LwjglApplication.mainLoop()V+600
j  com.badlogic.gdx.backends.lwjgl.LwjglApplication$1.run()V+27
v  ~StubRoutines::call_stub

---------------  P R O C E S S  ---------------

Java Threads: ( => current thread )
  0x000000005aec1000 JavaThread "LWJGL Timer" daemon [_thread_blocked, id=8076, stack(0x000000005fe90000,0x000000005ff90000)]
  0x00000000021ef000 JavaThread "DestroyJavaVM" [_thread_blocked, id=6468, stack(0x0000000002480000,0x0000000002580000)]
=>0x000000005adda800 JavaThread "LWJGL Application" [_thread_in_native, id=5944, stack(0x000000005c3f0000,0x000000005c4f0000)]
  0x0000000058cb3800 JavaThread "Monitor Ctrl-Break" daemon [_thread_in_native, id=3060, stack(0x000000005aa70000,0x000000005ab70000)]
  0x0000000058b21000 JavaThread "Service Thread" daemon [_thread_blocked, id=7392, stack(0x000000005a4c0000,0x000000005a5c0000)]
  0x0000000058aa7000 JavaThread "C1 CompilerThread3" daemon [_thread_blocked, id=7176, stack(0x000000005a5d0000,0x000000005a6d0000)]
  0x0000000058a85800 JavaThread "C2 CompilerThread2" daemon [_thread_blocked, id=4756, stack(0x000000005a340000,0x000000005a440000)]
  0x0000000058a7f000 JavaThread "C2 CompilerThread1" daemon [_thread_blocked, id=7208, stack(0x000000005a1c0000,0x000000005a2c0000)]
  0x0000000058a71800 JavaThread "C2 CompilerThread0" daemon [_thread_blocked, id=1804, stack(0x000000005a080000,0x000000005a180000)]
  0x0000000058a6f800 JavaThread "Attach Listener" daemon [_thread_blocked, id=5648, stack(0x0000000059970000,0x0000000059a70000)]
  0x0000000058a6e800 JavaThread "Signal Dispatcher" daemon [_thread_blocked, id=2892, stack(0x0000000059f00000,0x000000005a000000)]
  0x00000000579be000 JavaThread "Finalizer" daemon [_thread_blocked, id=4480, stack(0x0000000059d90000,0x0000000059e90000)]
  0x00000000579b6800 JavaThread "Reference Handler" daemon [_thread_blocked, id=4728, stack(0x0000000059c20000,0x0000000059d20000)]

Other Threads:
  0x0000000058a22800 VMThread [stack: 0x0000000059a70000,0x0000000059b70000] [id=4324]
  0x0000000058b23000 WatcherThread [stack: 0x000000005a6d0000,0x000000005a7d0000] [id=6332]

VM state:not at safepoint (normal execution)

VM Mutex/Monitor currently owned by a thread: None

Heap:
 PSYoungGen      total 38400K, used 11870K [0x00000000d5c00000, 0x00000000d8680000, 0x0000000100000000)
  eden space 33280K, 20% used [0x00000000d5c00000,0x00000000d629c570,0x00000000d7c80000)
  from space 5120K, 99% used [0x00000000d7c80000,0x00000000d817b290,0x00000000d8180000)
  to   space 5120K, 0% used [0x00000000d8180000,0x00000000d8180000,0x00000000d8680000)
 ParOldGen       total 87552K, used 275K [0x0000000081400000, 0x0000000086980000, 0x00000000d5c00000)
  object space 87552K, 0% used [0x0000000081400000,0x0000000081444c60,0x0000000086980000)
 Metaspace       used 9301K, capacity 9375K, committed 9600K, reserved 1058816K
  class space    used 840K, capacity 850K, committed 896K, reserved 1048576K

Card table byte_map: [0x0000000011c10000,0x0000000012010000] byte_map_base: 0x0000000011806000

Marking Bits: (ParMarkBitMap*) 0x00000000727218f0
 Begin Bits: [0x0000000012c70000, 0x0000000014c20000)
 End Bits:   [0x0000000014c20000, 0x0000000016bd0000)

Polling page: 0x0000000000130000

CodeCache: size=245760Kb used=5858Kb max_used=5858Kb free=239901Kb
 bounds [0x0000000002850000, 0x0000000002e20000, 0x0000000011850000]
 total_blobs=1990 nmethods=1474 adapters=430
 compilation: enabled

Compilation events (10 events):
Event: 33.546 Thread 0x0000000058aa7000 1473       3       com.fcfruit.zombiesmash.zombies.Part::update (510 bytes)
Event: 33.546 Thread 0x0000000058a85800 nmethod 1472 0x0000000002d33fd0 code [0x0000000002d34100, 0x0000000002d34158]
Event: 33.547 Thread 0x0000000058a71800 nmethod 1471 0x0000000002df3490 code [0x0000000002df35e0, 0x0000000002df3668]
Event: 33.559 Thread 0x0000000058aa7000 nmethod 1473 0x0000000002e052d0 code [0x0000000002e05fc0, 0x0000000002e0c888]
Event: 33.577 Thread 0x0000000058aa7000 1474       3       com.fcfruit.zombiesmash.zombies.Part::draw (42 bytes)
Event: 33.579 Thread 0x0000000058aa7000 nmethod 1474 0x0000000002e047d0 code [0x0000000002e049a0, 0x0000000002e05028]
Event: 33.579 Thread 0x0000000058aa7000 1475       3       com.badlogic.gdx.graphics.g2d.Sprite::setPosition (17 bytes)
Event: 33.579 Thread 0x0000000058aa7000 nmethod 1475 0x0000000002dfb310 code [0x0000000002dfb480, 0x0000000002dfb688]
Event: 33.579 Thread 0x0000000058aa7000 1476       3       com.badlogic.gdx.graphics.g2d.Sprite::translate (95 bytes)
Event: 33.580 Thread 0x0000000058aa7000 nmethod 1476 0x0000000002e04190 code [0x0000000002e04300, 0x0000000002e04610]

GC Heap History (2 events):
Event: 14.113 GC heap before
{Heap before GC invocations=1 (full 0):
 PSYoungGen      total 38400K, used 33280K [0x00000000d5c00000, 0x00000000d8680000, 0x0000000100000000)
  eden space 33280K, 100% used [0x00000000d5c00000,0x00000000d7c80000,0x00000000d7c80000)
  from space 5120K, 0% used [0x00000000d8180000,0x00000000d8180000,0x00000000d8680000)
  to   space 5120K, 0% used [0x00000000d7c80000,0x00000000d7c80000,0x00000000d8180000)
 ParOldGen       total 87552K, used 0K [0x0000000081400000, 0x0000000086980000, 0x00000000d5c00000)
  object space 87552K, 0% used [0x0000000081400000,0x0000000081400000,0x0000000086980000)
 Metaspace       used 9251K, capacity 9375K, committed 9600K, reserved 1058816K
  class space    used 838K, capacity 850K, committed 896K, reserved 1048576K
Event: 14.128 GC heap after
Heap after GC invocations=1 (full 0):
 PSYoungGen      total 38400K, used 5100K [0x00000000d5c00000, 0x00000000d8680000, 0x0000000100000000)
  eden space 33280K, 0% used [0x00000000d5c00000,0x00000000d5c00000,0x00000000d7c80000)
  from space 5120K, 99% used [0x00000000d7c80000,0x00000000d817b290,0x00000000d8180000)
  to   space 5120K, 0% used [0x00000000d8180000,0x00000000d8180000,0x00000000d8680000)
 ParOldGen       total 87552K, used 275K [0x0000000081400000, 0x0000000086980000, 0x00000000d5c00000)
  object space 87552K, 0% used [0x0000000081400000,0x0000000081444c60,0x0000000086980000)
 Metaspace       used 9251K, capacity 9375K, committed 9600K, reserved 1058816K
  class space    used 838K, capacity 850K, committed 896K, reserved 1048576K
}

Deoptimization events (10 events):
Event: 9.110 Thread 0x000000005adda800 Uncommon trap: reason=null_check action=make_not_entrant pc=0x0000000002bcc654 method=com.badlogic.gdx.utils.ObjectMap.get(Ljava/lang/Object;)Ljava/lang/Object; @ 38
Event: 9.195 Thread 0x000000005adda800 Uncommon trap: reason=null_check action=make_not_entrant pc=0x0000000002be48f8 method=com.badlogic.gdx.utils.ObjectMap.get(Ljava/lang/Object;)Ljava/lang/Object; @ 57
Event: 33.532 Thread 0x000000005adda800 Uncommon trap: reason=unstable_if action=reinterpret pc=0x0000000002da461c method=com.fcfruit.zombiesmash.zombies.Zombie.updateParts()V @ 52
Event: 33.536 Thread 0x000000005adda800 Uncommon trap: reason=unstable_if action=reinterpret pc=0x0000000002df9efc method=com.badlogic.gdx.physics.box2d.World.destroyBody(Lcom/badlogic/gdx/physics/box2d/Body;)V @ 9
Event: 33.544 Thread 0x000000005adda800 Uncommon trap: reason=unstable_if action=reinterpret pc=0x0000000002cf05e4 method=com.fcfruit.zombiesmash.zombies.Part.draw(Lcom/badlogic/gdx/graphics/g2d/SpriteBatch;)V @ 19
Event: 33.544 Thread 0x000000005adda800 Uncommon trap: reason=unstable_if action=reinterpret pc=0x0000000002d4a2c4 method=com.fcfruit.zombiesmash.zombies.Part.update()V @ 19
Event: 33.544 Thread 0x000000005adda800 Uncommon trap: reason=unstable_if action=reinterpret pc=0x0000000002d0bf74 method=com.badlogic.gdx.graphics.g2d.Sprite.translate(FF)V @ 24
Event: 33.545 Thread 0x000000005adda800 Uncommon trap: reason=unstable_if action=reinterpret pc=0x0000000002d0ea24 method=com.badlogic.gdx.graphics.g2d.Sprite.translate(FF)V @ 24
Event: 33.545 Thread 0x000000005adda800 Uncommon trap: reason=unstable_if action=reinterpret pc=0x0000000002d82398 method=com.fcfruit.zombiesmash.zombies.Zombie.updateParts()V @ 52
Event: 33.644 Thread 0x000000005adda800 Uncommon trap: reason=unstable_if action=reinterpret pc=0x0000000002de2b6c method=com.badlogic.gdx.utils.LongMap.remove(J)Ljava/lang/Object; @ 111

Internal exceptions (10 events):
Event: 0.845 Thread 0x00000000021ef000 Exception <a 'java/security/PrivilegedActionException'> (0x00000000d5fbdf08) thrown at [C:\src\android\AOSP-openjdk\external\jetbrains\jdk\hotspot\src\share\vm\prims\jvm.cpp, line 1390]
Event: 0.845 Thread 0x00000000021ef000 Exception <a 'java/security/PrivilegedActionException'> (0x00000000d5fbe118) thrown at [C:\src\android\AOSP-openjdk\external\jetbrains\jdk\hotspot\src\share\vm\prims\jvm.cpp, line 1390]
Event: 1.478 Thread 0x00000000021ef000 Exception <a 'java/security/PrivilegedActionException'> (0x00000000d6177d60) thrown at [C:\src\android\AOSP-openjdk\external\jetbrains\jdk\hotspot\src\share\vm\prims\jvm.cpp, line 1390]
Event: 1.479 Thread 0x00000000021ef000 Exception <a 'java/security/PrivilegedActionException'> (0x00000000d6179a38) thrown at [C:\src\android\AOSP-openjdk\external\jetbrains\jdk\hotspot\src\share\vm\prims\jvm.cpp, line 1390]
Event: 1.479 Thread 0x00000000021ef000 Exception <a 'java/security/PrivilegedActionException'> (0x00000000d617aba8) thrown at [C:\src\android\AOSP-openjdk\external\jetbrains\jdk\hotspot\src\share\vm\prims\jvm.cpp, line 1390]
Event: 1.480 Thread 0x00000000021ef000 Exception <a 'java/security/PrivilegedActionException'> (0x00000000d617fd10) thrown at [C:\src\android\AOSP-openjdk\external\jetbrains\jdk\hotspot\src\share\vm\prims\jvm.cpp, line 1390]
Event: 1.480 Thread 0x00000000021ef000 Exception <a 'java/security/PrivilegedActionException'> (0x00000000d6180968) thrown at [C:\src\android\AOSP-openjdk\external\jetbrains\jdk\hotspot\src\share\vm\prims\jvm.cpp, line 1390]
Event: 1.480 Thread 0x00000000021ef000 Exception <a 'java/security/PrivilegedActionException'> (0x00000000d6181590) thrown at [C:\src\android\AOSP-openjdk\external\jetbrains\jdk\hotspot\src\share\vm\prims\jvm.cpp, line 1390]
Event: 9.109 Thread 0x000000005adda800 Implicit null exception at 0x0000000002bcc1f8 to 0x0000000002bcc645
Event: 9.195 Thread 0x000000005adda800 Implicit null exception at 0x0000000002be4597 to 0x0000000002be48e9

Events (10 events):
Event: 33.545 Thread 0x000000005adda800 DEOPT UNPACKING pc=0x000000000289556a sp=0x000000005c4eef08 mode 2
Event: 33.545 Thread 0x000000005adda800 Uncommon trap: trap_request=0xffffff65 fr.pc=0x0000000002d0ea24
Event: 33.545 Thread 0x000000005adda800 DEOPT PACKING pc=0x0000000002d0ea24 sp=0x000000005c4eef70
Event: 33.545 Thread 0x000000005adda800 DEOPT UNPACKING pc=0x000000000289556a sp=0x000000005c4eef10 mode 2
Event: 33.545 Thread 0x000000005adda800 Uncommon trap: trap_request=0xffffff65 fr.pc=0x0000000002d82398
Event: 33.545 Thread 0x000000005adda800 DEOPT PACKING pc=0x0000000002d82398 sp=0x000000005c4ef090
Event: 33.545 Thread 0x000000005adda800 DEOPT UNPACKING pc=0x000000000289556a sp=0x000000005c4ef028 mode 2
Event: 33.644 Thread 0x000000005adda800 Uncommon trap: trap_request=0xffffff65 fr.pc=0x0000000002de2b6c
Event: 33.644 Thread 0x000000005adda800 DEOPT PACKING pc=0x0000000002de2b6c sp=0x000000005c4ef150
Event: 33.644 Thread 0x000000005adda800 DEOPT UNPACKING pc=0x000000000289556a sp=0x000000005c4ef0f8 mode 2


Dynamic libraries:
0x000000013f550000 - 0x000000013f581000 	D:\Program Files\Android\jre\bin\java.exe
0x00000000771c0000 - 0x000000007736a000 	C:\Windows\SYSTEM32\ntdll.dll
0x00000000770a0000 - 0x00000000771bf000 	C:\Windows\system32\kernel32.dll
0x000007fefcff0000 - 0x000007fefd05a000 	C:\Windows\system32\KERNELBASE.dll
0x000007fefe4a0000 - 0x000007fefe57b000 	C:\Windows\system32\ADVAPI32.dll
0x000007feff430000 - 0x000007feff4cf000 	C:\Windows\system32\msvcrt.dll
0x000007fefe470000 - 0x000007fefe48f000 	C:\Windows\SYSTEM32\sechost.dll
0x000007feff2b0000 - 0x000007feff3dd000 	C:\Windows\system32\RPCRT4.dll
0x0000000076fa0000 - 0x000000007709a000 	C:\Windows\system32\USER32.dll
0x000007fefeb50000 - 0x000007fefebb7000 	C:\Windows\system32\GDI32.dll
0x000007fefd2f0000 - 0x000007fefd2fe000 	C:\Windows\system32\LPK.dll
0x000007fefea80000 - 0x000007fefeb4b000 	C:\Windows\system32\USP10.dll
0x000007fefbab0000 - 0x000007fefbca4000 	C:\Windows\WinSxS\amd64_microsoft.windows.common-controls_6595b64144ccf1df_6.0.7601.18837_none_fa3b1e3d17594757\COMCTL32.dll
0x000007fefd270000 - 0x000007fefd2e1000 	C:\Windows\system32\SHLWAPI.dll
0x000007fefe580000 - 0x000007fefe5ae000 	C:\Windows\system32\IMM32.DLL
0x000007fefebc0000 - 0x000007fefecc9000 	C:\Windows\system32\MSCTF.dll
0x0000000071440000 - 0x0000000071512000 	D:\Program Files\Android\jre\jre\bin\msvcr100.dll
0x0000000071f60000 - 0x000000007279c000 	D:\Program Files\Android\jre\jre\bin\server\jvm.dll
0x000007fef9ef0000 - 0x000007fef9ef9000 	C:\Windows\system32\WSOCK32.dll
0x000007feff3e0000 - 0x000007feff42d000 	C:\Windows\system32\WS2_32.dll
0x000007fefe490000 - 0x000007fefe498000 	C:\Windows\system32\NSI.dll
0x000007fefab30000 - 0x000007fefab6b000 	C:\Windows\system32\WINMM.dll
0x000007fefbaa0000 - 0x000007fefbaac000 	C:\Windows\system32\VERSION.dll
0x0000000077380000 - 0x0000000077387000 	C:\Windows\system32\PSAPI.DLL
0x000007fefb8f0000 - 0x000007fefb8ff000 	D:\Program Files\Android\jre\jre\bin\verify.dll
0x000007fefa230000 - 0x000007fefa259000 	D:\Program Files\Android\jre\jre\bin\java.dll
0x000007fefb8d0000 - 0x000007fefb8e6000 	D:\Program Files\Android\jre\jre\bin\zip.dll
0x000007fefd4e0000 - 0x000007fefe26a000 	C:\Windows\system32\SHELL32.dll
0x000007fefe270000 - 0x000007fefe46c000 	C:\Windows\system32\ole32.dll
0x000007fefcec0000 - 0x000007fefcecf000 	C:\Windows\system32\profapi.dll
0x000007fefb4b0000 - 0x000007fefb4bf000 	D:\Program Files\Android\bin\breakgen64.dll
0x000007fefa210000 - 0x000007fefa22a000 	D:\Program Files\Android\jre\jre\bin\net.dll
0x000007fefc680000 - 0x000007fefc6d5000 	C:\Windows\system32\mswsock.dll
0x000007fefc670000 - 0x000007fefc677000 	C:\Windows\System32\wship6.dll
0x0000000065580000 - 0x0000000065616000 	D:\Users\lucas\AppData\Local\Temp\libgdxlucas\38c81921\gdx64.dll
0x000007fefc6e0000 - 0x000007fefc6f8000 	C:\Windows\system32\CRYPTSP.dll
0x000007fefc3e0000 - 0x000007fefc427000 	C:\Windows\system32\rsaenh.dll
0x000007fefcfd0000 - 0x000007fefcfee000 	C:\Windows\system32\USERENV.dll
0x000007fefcd50000 - 0x000007fefcd5f000 	C:\Windows\system32\CRYPTBASE.dll
0x000007fefaa60000 - 0x000007fefaa87000 	C:\Windows\system32\IPHLPAPI.DLL
0x000007fefa9e0000 - 0x000007fefa9eb000 	C:\Windows\system32\WINNSI.DLL
0x000007fefa840000 - 0x000007fefa858000 	C:\Windows\system32\dhcpcsvc.DLL
0x000007fefa820000 - 0x000007fefa831000 	C:\Windows\system32\dhcpcsvc6.DLL
0x000007fefa1f0000 - 0x000007fefa201000 	D:\Program Files\Android\jre\jre\bin\nio.dll
0x0000000180000000 - 0x0000000180053000 	D:\Users\lucas\AppData\Local\Temp\libgdxlucas\dc0f0009\lwjgl64.dll
0x000007feeecc0000 - 0x000007feeeddd000 	C:\Windows\system32\OPENGL32.dll
0x000007feef0e0000 - 0x000007feef10d000 	C:\Windows\system32\GLU32.dll
0x000007feee9c0000 - 0x000007feeeab1000 	C:\Windows\system32\DDRAW.dll
0x000007feef0d0000 - 0x000007feef0d8000 	C:\Windows\system32\DCIMAN32.dll
0x000007fefd300000 - 0x000007fefd4d7000 	C:\Windows\system32\SETUPAPI.dll
0x000007fefd060000 - 0x000007fefd096000 	C:\Windows\system32\CFGMGR32.dll
0x000007feff130000 - 0x000007feff20a000 	C:\Windows\system32\OLEAUT32.dll
0x000007fefcfb0000 - 0x000007fefcfca000 	C:\Windows\system32\DEVOBJ.dll
0x000007fefa9b0000 - 0x000007fefa9c8000 	C:\Windows\system32\dwmapi.dll
0x0000000059b70000 - 0x0000000059bd4000 	D:\Users\lucas\AppData\Local\Temp\libgdxlucas\dc0f0009\OpenAL64.dll
0x000007fefb4c0000 - 0x000007fefb516000 	C:\Windows\system32\uxtheme.dll
0x0000000070fc0000 - 0x0000000070fcd000 	D:\Program Files\WinSplit\App\WinSplit\WinSplitHook64.DLL
0x000007feff210000 - 0x000007feff2a9000 	C:\Windows\system32\CLBCatQ.DLL
0x000007fefb780000 - 0x000007fefb8ac000 	C:\Windows\System32\PROPSYS.dll
0x000007fefd230000 - 0x000007fefd26b000 	C:\Windows\system32\WINTRUST.dll
0x000007fefd0a0000 - 0x000007fefd20d000 	C:\Windows\system32\CRYPT32.dll
0x000007fefceb0000 - 0x000007fefcebf000 	C:\Windows\system32\MSASN1.dll
0x000007fef4e30000 - 0x000007fef4eb8000 	C:\Windows\system32\dsound.dll
0x000007fefb6a0000 - 0x000007fefb6cc000 	C:\Windows\system32\POWRPROF.dll
0x000007fefb520000 - 0x000007fefb56b000 	C:\Windows\System32\MMDevApi.dll
0x000007fefa530000 - 0x000007fefa57f000 	C:\Windows\system32\AUDIOSES.DLL
0x000007fee2d00000 - 0x000007fee3632000 	C:\Windows\system32\ig75icd64.dll
0x000007fef5650000 - 0x000007fef6034000 	C:\Windows\system32\igdusc64.dll
0x000007fefac60000 - 0x000007fefac71000 	C:\Windows\system32\WTSAPI32.dll
0x000007feeaeb0000 - 0x000007feeaf4c000 	C:\Windows\system32\mscms.dll
0x000007fef4a90000 - 0x000007fef4ad2000 	C:\Windows\system32\icm32.dll
0x0000000066bc0000 - 0x0000000066c7b000 	D:\Users\lucas\AppData\Local\Temp\libgdxlucas\935f82d0\gdx-box2d64.dll
0x000007fef6980000 - 0x000007fef6aa5000 	C:\Windows\system32\dbghelp.dll

VM Arguments:
jvm_args: -Didea.launcher.port=7534 -Didea.launcher.bin.path=D:\Program Files\Android\bin -Dfile.encoding=UTF-8 
java_command: com.intellij.rt.execution.application.AppMain com.fcfruit.zombiesmash.desktop.DesktopLauncher
java_class_path (initial): D:\Program Files\Android\jre\jre\lib\charsets.jar;D:\Program Files\Android\jre\jre\lib\ext\access-bridge-64.jar;D:\Program Files\Android\jre\jre\lib\ext\cldrdata.jar;D:\Program Files\Android\jre\jre\lib\ext\dnsns.jar;D:\Program Files\Android\jre\jre\lib\ext\jaccess.jar;D:\Program Files\Android\jre\jre\lib\ext\localedata.jar;D:\Program Files\Android\jre\jre\lib\ext\nashorn.jar;D:\Program Files\Android\jre\jre\lib\ext\sunec.jar;D:\Program Files\Android\jre\jre\lib\ext\sunjce_provider.jar;D:\Program Files\Android\jre\jre\lib\ext\sunmscapi.jar;D:\Program Files\Android\jre\jre\lib\ext\sunpkcs11.jar;D:\Program Files\Android\jre\jre\lib\ext\zipfs.jar;D:\Program Files\Android\jre\jre\lib\jce.jar;D:\Program Files\Android\jre\jre\lib\jsse.jar;D:\Program Files\Android\jre\jre\lib\management-agent.jar;D:\Program Files\Android\jre\jre\lib\resources.jar;D:\Program Files\Android\jre\jre\lib\rt.jar;D:\Users\lucas\Desktop\Projects\ZombieSmash\desktop\build\classes\main;D:\Users\lucas\Desktop\Projects\ZombieSmash\core\build\classes\main;D:\Users\lucas\.gradle\caches\modules-2\files-2.1\com.esotericsoftware.spine\spine-libgdx\3.5.51.1\e162298aee4f3e7a0be0fe3aa41d45b968b54014\spine-libgdx-3.5.51.1.jar;D:\Users\lucas\.gradle\caches\modules-2\files-2.1\com.badlogicgames.gdx\gdx\1.9.6\47d1e9b890e364ec28f128e9bb3b9a12a94c164\gdx-1.9.6.jar;D:\Users\lucas\.gradle\caches\modules-2\files-2.1\com.badlogicgames.gdx\gdx-box2d\1.9.6\c249ef4060a4fada952f278455c8f7b9cba3c18a\gdx-box2d-1.9.6.jar;D:\Users\lucas\.gradle\caches\modules-2\files-2.1\com.badlogicgames.gdx\gdx-controllers\1.9.6\ea1fd4884be631d9b7cd0f496b1ab39e31eb434b\gdx-controllers-1.9.6.jar;D:\Users\lucas\.gradle\caches\modules-2\files-2.1\com.badlogicgames.gdx\gdx-ai\1.8.0\ec30677d8ab1a8b8aa4b853c5f4e4b1361f50bf5\gdx-ai-1.8.0.jar;D:\Users\lucas\.gradle\caches\modules-2\files-2.1\com.badlogicgames.ashley\ashley\1.7.0\a7c4083c0a42027a3c03ba7ccecef6cbe1c5f0a4\ashley-1.7.0.jar;D:\Users\lucas\.gradle\caches\modul
Launcher Type: SUN_STANDARD

Environment Variables:
PATH=C:\Windows\system32;C:\Windows;C:\Windows\System32\Wbem;C:\Windows\System32\WindowsPowerShell\v1.0\;D:\Program Files\TortoiseHg\;C:\Program Files (x86)\GtkSharp\2.12\bin;D:\Program Files\CMake\bin;D:\Python\python27;D:\Go\bin;D:\Program Files\Git\cmd;C:\Program Files (x86)\Common Files\Acronis\VirtualFile\;C:\Program Files (x86)\Common Files\Acronis\VirtualFile64\;C:\Program Files (x86)\Common Files\Acronis\SnapAPI\;D:\Users\lucas\AppData\Local\Programs\Python\Python36-32\Scripts\;D:\Users\lucas\AppData\Local\Programs\Python\Python36-32\
USERNAME=lucas
OS=Windows_NT
PROCESSOR_IDENTIFIER=Intel64 Family 6 Model 60 Stepping 3, GenuineIntel



---------------  S Y S T E M  ---------------

OS: Windows 7 , 64 bit Build 7601 (6.1.7601.23915)

CPU:total 8 (4 cores per cpu, 2 threads per core) family 6 model 60 stepping 3, cmov, cx8, fxsr, mmx, sse, sse2, sse3, ssse3, sse4.1, sse4.2, popcnt, avx, avx2, aes, clmul, erms, lzcnt, ht, tsc, tscinvbit, bmi1, bmi2

Memory: 4k page, physical 8302960k(3133360k free), swap 16604060k(9270388k free)

vm_info: OpenJDK 64-Bit Server VM (25.112-b06) for windows-amd64 JRE (1.8.0_112-release-b06), built on Dec  8 2016 00:54:26 by "builder" with MS VC++ 10.0 (VS2010)

time: Mon Nov 27 14:25:52 2017
elapsed time: 33 seconds (0d 0h 0m 33s)

