#
# A fatal error has been detected by the Java Runtime Environment:
#
#  EXCEPTION_ACCESS_VIOLATION (0xc0000005) at pc=0x0000000000000000, pid=8776, tid=10496
#
# JRE version: Java(TM) SE Runtime Environment (8.0_45-b15) (build 1.8.0_45-b15)
# Java VM: Java HotSpot(TM) 64-Bit Server VM (25.45-b02 mixed mode windows-amd64 compressed oops)
# Problematic frame:
# C  0x0000000000000000
#
# Failed to write core dump. Minidumps are not enabled by default on client versions of Windows
#
# If you would like to submit a bug report, please visit:
#   http://bugreport.java.com/bugreport/crash.jsp
# The crash happened outside the Java Virtual Machine in native code.
# See problematic frame for where to report the bug.
#

---------------  T H R E A D  ---------------

Current thread (0x000000001e8b2800):  JavaThread "LWJGL Application" [_thread_in_native, id=10496, stack(0x000000001fd60000,0x000000001fe60000)]

siginfo: ExceptionCode=0xc0000005, ExceptionInformation=0x0000000000000008 0x0000000000000000

Registers:
RAX=0x00000000003a63d0, RBX=0x00000000003a62d0, RCX=0x00000000003a62d0, RDX=0x0000000000301aa0
RSP=0x000000001fe5e7c8, RBP=0x000000000031dc20, RSI=0x0000000000301aa0, RDI=0x0000000000301aa0
R8 =0x0000000000301aa0, R9 =0x00000000003a62d0, R10=0x00000000028d5e08, R11=0x000000006fe57ca0
R12=0x0000000000000001, R13=0x000000001be79de0, R14=0x000000001fe5e9b0, R15=0x000000001e8b2800
RIP=0x0000000000000000, EFLAGS=0x0000000000010202

Top of Stack: (sp=0x000000001fe5e7c8)
0x000000001fe5e7c8:   0000000066bd43f2 00000000434c0000
0x000000001fe5e7d8:   0000000000000000 00000000eda67afa
0x000000001fe5e7e8:   0000000000000000 00000000437f0000
0x000000001fe5e7f8:   00000000003a62d0 000000000031bbe0
0x000000001fe5e808:   0000000066be2743 00000000eda67afa
0x000000001fe5e818:   0000000000000000 000000001be79d58
0x000000001fe5e828:   000000001e8b2800 0000000000301aa0
0x000000001fe5e838:   00000000003a62d0 0000000027327d80
0x000000001fe5e848:   000000001fe5e970 0000000000000000
0x000000001fe5e858:   0000000066be903d 00000000000000b6
0x000000001fe5e868:   000000001e8b2800 000000001fe5ea08
0x000000001fe5e878:   00000000028e1943 0000000066c1c830
0x000000001fe5e888:   000000001e8b29f8 000000001fe5e9b0
0x000000001fe5e898:   000000001fe5e898 0000000066c1c8b0
0x000000001fe5e8a8:   000000001e8b29f8 000000001fe5e9b0
0x000000001fe5e8b8:   00000000273281e0 000000001bbf8720 

Instructions: (pc=0x0000000000000000)
0xffffffffffffffe0:   


Register to memory mapping:

RAX=0x00000000003a63d0 is an unknown value
RBX=0x00000000003a62d0 is an unknown value
RCX=0x00000000003a62d0 is an unknown value
RDX=0x0000000000301aa0 is an unknown value
RSP=0x000000001fe5e7c8 is pointing into the stack for thread: 0x000000001e8b2800
RBP=0x000000000031dc20 is an unknown value
RSI=0x0000000000301aa0 is an unknown value
RDI=0x0000000000301aa0 is an unknown value
R8 =0x0000000000301aa0 is an unknown value
R9 =0x00000000003a62d0 is an unknown value
R10=0x00000000028d5e08 is at code_begin+840 in an Interpreter codelet
method entry point (kind = native)  [0x00000000028d5ac0, 0x00000000028d6420]  2400 bytes
R11=0x000000006fe57ca0 is an unknown value
R12=0x0000000000000001 is an unknown value
R13={method} {0x000000001be79de8} 'jniDestroyJoint' '(JJ)V' in 'com/badlogic/gdx/physics/box2d/World'
R14=0x000000001fe5e9b0 is pointing into the stack for thread: 0x000000001e8b2800
R15=0x000000001e8b2800 is a thread


Stack: [0x000000001fd60000,0x000000001fe60000],  sp=0x000000001fe5e7c8,  free space=1017k
Native frames: (J=compiled Java code, j=interpreted, Vv=VM code, C=native code)

Java frames: (J=compiled Java code, j=interpreted, Vv=VM code)
j  com.badlogic.gdx.physics.box2d.World.jniDestroyJoint(JJ)V+0
j  com.badlogic.gdx.physics.box2d.World.destroyJoint(Lcom/badlogic/gdx/physics/box2d/Joint;)V+64
j  com.fcfruit.zombiesmash.zombies.Part.touchUp(FFI)V+25
j  com.fcfruit.zombiesmash.zombies.Zombie.touchUp(FFI)V+51
j  com.fcfruit.zombiesmash.physics.Physics.touchUp(FFI)V+36
j  com.fcfruit.zombiesmash.stages.GameStage.touchUp(IIII)Z+34
j  com.badlogic.gdx.InputMultiplexer.touchUp(IIII)Z+36
J 1542 C1 com.badlogic.gdx.backends.lwjgl.LwjglInput.processEvents()V (478 bytes) @ 0x0000000002f0de54 [0x0000000002f0d060+0xdf4]
j  com.badlogic.gdx.backends.lwjgl.LwjglApplication.mainLoop()V+600
j  com.badlogic.gdx.backends.lwjgl.LwjglApplication$1.run()V+27
v  ~StubRoutines::call_stub

---------------  P R O C E S S  ---------------

Java Threads: ( => current thread )
  0x000000001e997000 JavaThread "LWJGL Timer" daemon [_thread_blocked, id=1528, stack(0x0000000020ff0000,0x00000000210f0000)]
  0x000000000214a800 JavaThread "DestroyJavaVM" [_thread_blocked, id=15460, stack(0x00000000024f0000,0x00000000025f0000)]
=>0x000000001e8b2800 JavaThread "LWJGL Application" [_thread_in_native, id=10496, stack(0x000000001fd60000,0x000000001fe60000)]
  0x000000001d840000 JavaThread "Monitor Ctrl-Break" daemon [_thread_in_native, id=15072, stack(0x000000001e400000,0x000000001e500000)]
  0x000000001d621000 JavaThread "Service Thread" daemon [_thread_blocked, id=16072, stack(0x000000001e160000,0x000000001e260000)]
  0x000000001d5b5800 JavaThread "C1 CompilerThread2" daemon [_thread_blocked, id=12780, stack(0x000000001def0000,0x000000001dff0000)]
  0x000000001d5b4800 JavaThread "C2 CompilerThread1" daemon [_thread_blocked, id=304, stack(0x000000001e000000,0x000000001e100000)]
  0x000000001c16d000 JavaThread "C2 CompilerThread0" daemon [_thread_blocked, id=13016, stack(0x000000001ddb0000,0x000000001deb0000)]
  0x000000001c16a000 JavaThread "Attach Listener" daemon [_thread_blocked, id=15956, stack(0x000000001dc00000,0x000000001dd00000)]
  0x000000001c168800 JavaThread "Signal Dispatcher" daemon [_thread_blocked, id=3088, stack(0x000000001da00000,0x000000001db00000)]
  0x000000001c10d800 JavaThread "Finalizer" daemon [_thread_blocked, id=15888, stack(0x000000001d4b0000,0x000000001d5b0000)]
  0x000000001c107000 JavaThread "Reference Handler" daemon [_thread_blocked, id=8584, stack(0x000000001d3b0000,0x000000001d4b0000)]

Other Threads:
  0x000000001c0fd800 VMThread [stack: 0x000000001d1a0000,0x000000001d2a0000] [id=14496]
  0x000000001d634000 WatcherThread [stack: 0x000000001d070000,0x000000001d170000] [id=6632]

VM state:not at safepoint (normal execution)

VM Mutex/Monitor currently owned by a thread: None

Heap:
 PSYoungGen      total 76288K, used 42433K [0x000000076af00000, 0x0000000770400000, 0x00000007c0000000)
  eden space 65536K, 64% used [0x000000076af00000,0x000000076d870678,0x000000076ef00000)
  from space 10752K, 0% used [0x000000076f980000,0x000000076f980000,0x0000000770400000)
  to   space 10752K, 0% used [0x000000076ef00000,0x000000076ef00000,0x000000076f980000)
 ParOldGen       total 175104K, used 0K [0x00000006c0c00000, 0x00000006cb700000, 0x000000076af00000)
  object space 175104K, 0% used [0x00000006c0c00000,0x00000006c0c00000,0x00000006cb700000)
 Metaspace       used 9546K, capacity 9695K, committed 9984K, reserved 1058816K
  class space    used 885K, capacity 914K, committed 1024K, reserved 1048576K

Card table byte_map: [0x0000000011c80000,0x0000000012480000] byte_map_base: 0x000000000e67a000

Marking Bits: (ParMarkBitMap*) 0x0000000070434040
 Begin Bits: [0x0000000012fd0000, 0x0000000016fa0000)
 End Bits:   [0x0000000016fa0000, 0x000000001af70000)

Polling page: 0x0000000000130000

CodeCache: size=245760Kb used=6736Kb max_used=6747Kb free=239023Kb
 bounds [0x00000000028c0000, 0x0000000002f60000, 0x00000000118c0000]
 total_blobs=2111 nmethods=1591 adapters=432
 compilation: enabled

Compilation events (10 events):
Event: 11.662 Thread 0x000000001d5b5800 1587       2       java.lang.Math::toRadians (10 bytes)
Event: 11.662 Thread 0x000000001d5b5800 nmethod 1587 0x0000000002f3c850 code [0x0000000002f3c9c0, 0x0000000002f3caf0]
Event: 11.675 Thread 0x000000001c16d000 1588       4       com.esotericsoftware.spine.Animation$ShearTimeline::apply (308 bytes)
Event: 11.677 Thread 0x000000001c16d000 nmethod 1588 0x0000000002f3bf10 code [0x0000000002f3c060, 0x0000000002f3c398]
Event: 11.759 Thread 0x000000001d5b5800 1589       3       com.fcfruit.zombiesmash.zombies.Zombie::updateParts (178 bytes)
Event: 11.759 Thread 0x000000001d5b5800 nmethod 1589 0x0000000002f39a50 code [0x0000000002f39cc0, 0x0000000002f3a9c8]
Event: 11.975 Thread 0x000000001d5b4800 1590       4       com.badlogic.gdx.graphics.glutils.ShaderProgram::checkManaged (25 bytes)
Event: 11.975 Thread 0x000000001d5b4800 nmethod 1590 0x0000000002e78f90 code [0x0000000002e790c0, 0x0000000002e79138]
Event: 12.126 Thread 0x000000001c16d000 1591       4       com.badlogic.gdx.backends.lwjgl.LwjglGL20::toFloatBuffer (30 bytes)
Event: 12.127 Thread 0x000000001c16d000 nmethod 1591 0x0000000002f5ba10 code [0x0000000002f5bb60, 0x0000000002f5bd68]

GC Heap History (0 events):
No events

Deoptimization events (8 events):
Event: 0.102 Thread 0x000000000214a800 Uncommon trap: reason=unstable_if action=reinterpret pc=0x00000000029ecd08 method=java.lang.String.hashCode()I @ 14
Event: 2.460 Thread 0x000000001e8b2800 Uncommon trap: reason=unstable_if action=reinterpret pc=0x0000000002cb5fdc method=com.badlogic.gdx.utils.ObjectMap.getStash(Ljava/lang/Object;)Ljava/lang/Object; @ 31
Event: 2.510 Thread 0x000000001e8b2800 Uncommon trap: reason=null_check action=make_not_entrant pc=0x0000000002cd43c4 method=com.badlogic.gdx.utils.reflect.ClassReflection.isAssignableFrom(Ljava/lang/Class;Ljava/lang/Class;)Z @ 2
Event: 11.609 Thread 0x000000001e8b2800 Uncommon trap: reason=unstable_if action=reinterpret pc=0x0000000002edea48 method=com.fcfruit.zombiesmash.zombies.Zombie.updateParts()V @ 52
Event: 11.625 Thread 0x000000001e8b2800 Uncommon trap: reason=unstable_if action=reinterpret pc=0x0000000002e2e234 method=com.fcfruit.zombiesmash.zombies.Part.draw(Lcom/badlogic/gdx/graphics/g2d/SpriteBatch;)V @ 19
Event: 11.625 Thread 0x000000001e8b2800 Uncommon trap: reason=unstable_if action=reinterpret pc=0x0000000002e5d308 method=com.fcfruit.zombiesmash.zombies.Part.update()V @ 19
Event: 11.625 Thread 0x000000001e8b2800 Uncommon trap: reason=unstable_if action=reinterpret pc=0x0000000002e34544 method=com.badlogic.gdx.graphics.g2d.Sprite.translate(FF)V @ 24
Event: 11.625 Thread 0x000000001e8b2800 Uncommon trap: reason=unstable_if action=reinterpret pc=0x0000000002ecce3c method=com.fcfruit.zombiesmash.zombies.Zombie.updateParts()V @ 52

Internal exceptions (10 events):
Event: 0.134 Thread 0x000000000214a800 Exception <a 'java/security/PrivilegedActionException'> (0x000000076b5ad490) thrown at [C:\re\workspace\8-2-build-windows-amd64-cygwin\jdk8u45\3627\hotspot\src\share\vm\prims\jvm.cpp, line 1382]
Event: 0.134 Thread 0x000000000214a800 Exception <a 'java/security/PrivilegedActionException'> (0x000000076b5ad648) thrown at [C:\re\workspace\8-2-build-windows-amd64-cygwin\jdk8u45\3627\hotspot\src\share\vm\prims\jvm.cpp, line 1382]
Event: 0.134 Thread 0x000000000214a800 Exception <a 'java/security/PrivilegedActionException'> (0x000000076b5b1570) thrown at [C:\re\workspace\8-2-build-windows-amd64-cygwin\jdk8u45\3627\hotspot\src\share\vm\prims\jvm.cpp, line 1382]
Event: 0.134 Thread 0x000000000214a800 Exception <a 'java/security/PrivilegedActionException'> (0x000000076b5b1728) thrown at [C:\re\workspace\8-2-build-windows-amd64-cygwin\jdk8u45\3627\hotspot\src\share\vm\prims\jvm.cpp, line 1382]
Event: 0.280 Thread 0x000000000214a800 Exception <a 'java/security/PrivilegedActionException'> (0x000000076b7d91b8) thrown at [C:\re\workspace\8-2-build-windows-amd64-cygwin\jdk8u45\3627\hotspot\src\share\vm\prims\jvm.cpp, line 1382]
Event: 0.280 Thread 0x000000000214a800 Exception <a 'java/security/PrivilegedActionException'> (0x000000076b7dade0) thrown at [C:\re\workspace\8-2-build-windows-amd64-cygwin\jdk8u45\3627\hotspot\src\share\vm\prims\jvm.cpp, line 1382]
Event: 0.280 Thread 0x000000000214a800 Exception <a 'java/security/PrivilegedActionException'> (0x000000076b7dbea0) thrown at [C:\re\workspace\8-2-build-windows-amd64-cygwin\jdk8u45\3627\hotspot\src\share\vm\prims\jvm.cpp, line 1382]
Event: 0.280 Thread 0x000000000214a800 Exception <a 'java/security/PrivilegedActionException'> (0x000000076b7e0e98) thrown at [C:\re\workspace\8-2-build-windows-amd64-cygwin\jdk8u45\3627\hotspot\src\share\vm\prims\jvm.cpp, line 1382]
Event: 0.280 Thread 0x000000000214a800 Exception <a 'java/security/PrivilegedActionException'> (0x000000076b7e1a40) thrown at [C:\re\workspace\8-2-build-windows-amd64-cygwin\jdk8u45\3627\hotspot\src\share\vm\prims\jvm.cpp, line 1382]
Event: 0.280 Thread 0x000000000214a800 Exception <a 'java/security/PrivilegedActionException'> (0x000000076b7e25b8) thrown at [C:\re\workspace\8-2-build-windows-amd64-cygwin\jdk8u45\3627\hotspot\src\share\vm\prims\jvm.cpp, line 1382]

Events (10 events):
Event: 11.625 Thread 0x000000001e8b2800 DEOPT UNPACKING pc=0x000000000290582a sp=0x000000001fe5e858 mode 2
Event: 11.625 Thread 0x000000001e8b2800 Uncommon trap: trap_request=0xffffff65 fr.pc=0x0000000002e5d308
Event: 11.625 Thread 0x000000001e8b2800 DEOPT PACKING pc=0x0000000002e5d308 sp=0x000000001fe5e780
Event: 11.625 Thread 0x000000001e8b2800 DEOPT UNPACKING pc=0x000000000290582a sp=0x000000001fe5e770 mode 2
Event: 11.625 Thread 0x000000001e8b2800 Uncommon trap: trap_request=0xffffff65 fr.pc=0x0000000002e34544
Event: 11.625 Thread 0x000000001e8b2800 DEOPT PACKING pc=0x0000000002e34544 sp=0x000000001fe5e750
Event: 11.625 Thread 0x000000001e8b2800 DEOPT UNPACKING pc=0x000000000290582a sp=0x000000001fe5e688 mode 2
Event: 11.625 Thread 0x000000001e8b2800 Uncommon trap: trap_request=0xffffff65 fr.pc=0x0000000002ecce3c
Event: 11.625 Thread 0x000000001e8b2800 DEOPT PACKING pc=0x0000000002ecce3c sp=0x000000001fe5e810
Event: 11.625 Thread 0x000000001e8b2800 DEOPT UNPACKING pc=0x000000000290582a sp=0x000000001fe5e7a8 mode 2


Dynamic libraries:
0x000000013fa50000 - 0x000000013fa87000 	C:\Program Files\Java\jdk1.8.0_45\bin\java.exe
0x0000000077640000 - 0x00000000777ea000 	C:\Windows\SYSTEM32\ntdll.dll
0x0000000077420000 - 0x000000007753f000 	C:\Windows\system32\kernel32.dll
0x000007fefd680000 - 0x000007fefd6ea000 	C:\Windows\system32\KERNELBASE.dll
0x000007fefe690000 - 0x000007fefe76b000 	C:\Windows\system32\ADVAPI32.dll
0x000007fefd700000 - 0x000007fefd79f000 	C:\Windows\system32\msvcrt.dll
0x000007fefe780000 - 0x000007fefe79f000 	C:\Windows\SYSTEM32\sechost.dll
0x000007fefe7a0000 - 0x000007fefe8cd000 	C:\Windows\system32\RPCRT4.dll
0x0000000077540000 - 0x000000007763a000 	C:\Windows\system32\USER32.dll
0x000007fefd8a0000 - 0x000007fefd907000 	C:\Windows\system32\GDI32.dll
0x000007fefd6f0000 - 0x000007fefd6fe000 	C:\Windows\system32\LPK.dll
0x000007fefd7d0000 - 0x000007fefd89b000 	C:\Windows\system32\USP10.dll
0x000007fefb980000 - 0x000007fefbb74000 	C:\Windows\WinSxS\amd64_microsoft.windows.common-controls_6595b64144ccf1df_6.0.7601.18837_none_fa3b1e3d17594757\COMCTL32.dll
0x000007feff850000 - 0x000007feff8c1000 	C:\Windows\system32\SHLWAPI.dll
0x000007fefd7a0000 - 0x000007fefd7ce000 	C:\Windows\system32\IMM32.DLL
0x000007fefe8d0000 - 0x000007fefe9d9000 	C:\Windows\system32\MSCTF.dll
0x00000000631a0000 - 0x0000000063272000 	C:\Program Files\Java\jdk1.8.0_45\jre\bin\msvcr100.dll
0x000000006fc30000 - 0x00000000704b3000 	C:\Program Files\Java\jdk1.8.0_45\jre\bin\server\jvm.dll
0x000007fef3400000 - 0x000007fef3409000 	C:\Windows\system32\WSOCK32.dll
0x000007fefe340000 - 0x000007fefe38d000 	C:\Windows\system32\WS2_32.dll
0x000007fefe770000 - 0x000007fefe778000 	C:\Windows\system32\NSI.dll
0x000007fefa060000 - 0x000007fefa09b000 	C:\Windows\system32\WINMM.dll
0x000007fefc2f0000 - 0x000007fefc2fc000 	C:\Windows\system32\VERSION.dll
0x0000000077810000 - 0x0000000077817000 	C:\Windows\system32\PSAPI.DLL
0x0000000074390000 - 0x000000007439f000 	C:\Program Files\Java\jdk1.8.0_45\jre\bin\verify.dll
0x000000006f0d0000 - 0x000000006f0f9000 	C:\Program Files\Java\jdk1.8.0_45\jre\bin\java.dll
0x000000006f110000 - 0x000000006f126000 	C:\Program Files\Java\jdk1.8.0_45\jre\bin\zip.dll
0x000007fefe9e0000 - 0x000007feff76a000 	C:\Windows\system32\SHELL32.dll
0x000007fefdaa0000 - 0x000007fefdc9c000 	C:\Windows\system32\ole32.dll
0x000007fefd330000 - 0x000007fefd33f000 	C:\Windows\system32\profapi.dll
0x000007fefae50000 - 0x000007fefae5f000 	C:\Program Files\Android\Android Studio\bin\breakgen64.dll
0x000000006f0b0000 - 0x000000006f0ca000 	C:\Program Files\Java\jdk1.8.0_45\jre\bin\net.dll
0x000007fefca80000 - 0x000007fefcad5000 	C:\Windows\system32\mswsock.dll
0x000007fefcce0000 - 0x000007fefcce7000 	C:\Windows\System32\wship6.dll
0x0000000065580000 - 0x0000000065616000 	C:\Users\Lucas\AppData\Local\Temp\libgdxLucas\38c81921\gdx64.dll
0x000007fefcae0000 - 0x000007fefcaf8000 	C:\Windows\system32\CRYPTSP.dll
0x000007fefc810000 - 0x000007fefc857000 	C:\Windows\system32\rsaenh.dll
0x000007fefd3a0000 - 0x000007fefd3be000 	C:\Windows\system32\USERENV.dll
0x000007fefd130000 - 0x000007fefd13f000 	C:\Windows\system32\CRYPTBASE.dll
0x000007fefa220000 - 0x000007fefa247000 	C:\Windows\system32\IPHLPAPI.DLL
0x000007fefa1e0000 - 0x000007fefa1eb000 	C:\Windows\system32\WINNSI.DLL
0x000007fef9ee0000 - 0x000007fef9ef1000 	C:\Windows\system32\dhcpcsvc6.DLL
0x000007fef9fe0000 - 0x000007fef9ff8000 	C:\Windows\system32\dhcpcsvc.DLL
0x00000000646d0000 - 0x00000000646e1000 	C:\Program Files\Java\jdk1.8.0_45\jre\bin\nio.dll
0x0000000180000000 - 0x0000000180053000 	C:\Users\Lucas\AppData\Local\Temp\libgdxLucas\dc0f0009\lwjgl64.dll
0x000007fedb4e0000 - 0x000007fedb5fd000 	C:\Windows\system32\OPENGL32.dll
0x000007fedd840000 - 0x000007fedd86d000 	C:\Windows\system32\GLU32.dll
0x000007fedc5e0000 - 0x000007fedc6d1000 	C:\Windows\system32\DDRAW.dll
0x000007fee03a0000 - 0x000007fee03a8000 	C:\Windows\system32\DCIMAN32.dll
0x000007fefe390000 - 0x000007fefe567000 	C:\Windows\system32\SETUPAPI.dll
0x000007fefd610000 - 0x000007fefd646000 	C:\Windows\system32\CFGMGR32.dll
0x000007feff770000 - 0x000007feff84a000 	C:\Windows\system32\OLEAUT32.dll
0x000007fefd660000 - 0x000007fefd67a000 	C:\Windows\system32\DEVOBJ.dll
0x000007fefb370000 - 0x000007fefb388000 	C:\Windows\system32\dwmapi.dll
0x0000000002430000 - 0x0000000002494000 	C:\Users\Lucas\AppData\Local\Temp\libgdxLucas\dc0f0009\OpenAL64.dll
0x000007fefb7a0000 - 0x000007fefb7f6000 	C:\Windows\system32\uxtheme.dll
0x0000000070fc0000 - 0x0000000070fcd000 	C:\Program Files (x86)\WinSplit Revolution\WinSplitHook64.DLL
0x000007fefe5f0000 - 0x000007fefe689000 	C:\Windows\system32\CLBCatQ.DLL
0x000007fefb800000 - 0x000007fefb92c000 	C:\Windows\System32\PROPSYS.dll
0x000007fefd360000 - 0x000007fefd39b000 	C:\Windows\system32\WINTRUST.dll
0x000007fefd490000 - 0x000007fefd5fd000 	C:\Windows\system32\CRYPT32.dll
0x000007fefd340000 - 0x000007fefd34f000 	C:\Windows\system32\MSASN1.dll
0x000007fef7080000 - 0x000007fef7108000 	C:\Windows\system32\dsound.dll
0x000007fefae10000 - 0x000007fefae3c000 	C:\Windows\system32\POWRPROF.dll
0x000007fefb390000 - 0x000007fefb3db000 	C:\Windows\System32\MMDevApi.dll
0x000007fef6f00000 - 0x000007fef6f4f000 	C:\Windows\system32\AUDIOSES.DLL
0x0000000068860000 - 0x000000006ab1a000 	C:\Windows\system32\nvoglv64.DLL
0x000007fefc4e0000 - 0x000007fefc4f1000 	C:\Windows\system32\WTSAPI32.dll
0x000007fefc360000 - 0x000007fefc363000 	C:\Windows\system32\api-ms-win-core-synch-l1-2-0.DLL
0x000007fefc140000 - 0x000007fefc16d000 	C:\Windows\system32\ntmarta.dll
0x000007feff8f0000 - 0x000007feff942000 	C:\Windows\system32\WLDAP32.dll
0x000007fee3da0000 - 0x000007fee3f5d000 	C:\Windows\system32\nvspcap64.dll
0x000007fef8da0000 - 0x000007fef8e3c000 	C:\Windows\system32\mscms.dll
0x000007fedfb20000 - 0x000007fedfb62000 	C:\Windows\system32\icm32.dll
0x000007fefd240000 - 0x000007fefd27d000 	C:\Windows\system32\WINSTA.dll
0x0000000066bc0000 - 0x0000000066c7b000 	C:\Users\Lucas\AppData\Local\Temp\libgdxLucas\935f82d0\gdx-box2d64.dll
0x000007fef6180000 - 0x000007fef62a5000 	C:\Windows\system32\dbghelp.dll

VM Arguments:
jvm_args: -Didea.launcher.port=7547 -Didea.launcher.bin.path=C:\Program Files\Android\Android Studio\bin -Dfile.encoding=UTF-8 
java_command: com.intellij.rt.execution.application.AppMain com.fcfruit.zombiesmash.desktop.DesktopLauncher
java_class_path (initial): C:\Program Files\Java\jdk1.8.0_45\jre\lib\charsets.jar;C:\Program Files\Java\jdk1.8.0_45\jre\lib\deploy.jar;C:\Program Files\Java\jdk1.8.0_45\jre\lib\ext\access-bridge-64.jar;C:\Program Files\Java\jdk1.8.0_45\jre\lib\ext\cldrdata.jar;C:\Program Files\Java\jdk1.8.0_45\jre\lib\ext\dnsns.jar;C:\Program Files\Java\jdk1.8.0_45\jre\lib\ext\jaccess.jar;C:\Program Files\Java\jdk1.8.0_45\jre\lib\ext\jfxrt.jar;C:\Program Files\Java\jdk1.8.0_45\jre\lib\ext\localedata.jar;C:\Program Files\Java\jdk1.8.0_45\jre\lib\ext\nashorn.jar;C:\Program Files\Java\jdk1.8.0_45\jre\lib\ext\sunec.jar;C:\Program Files\Java\jdk1.8.0_45\jre\lib\ext\sunjce_provider.jar;C:\Program Files\Java\jdk1.8.0_45\jre\lib\ext\sunmscapi.jar;C:\Program Files\Java\jdk1.8.0_45\jre\lib\ext\sunpkcs11.jar;C:\Program Files\Java\jdk1.8.0_45\jre\lib\ext\zipfs.jar;C:\Program Files\Java\jdk1.8.0_45\jre\lib\javaws.jar;C:\Program Files\Java\jdk1.8.0_45\jre\lib\jce.jar;C:\Program Files\Java\jdk1.8.0_45\jre\lib\jfr.jar;C:\Program Files\Java\jdk1.8.0_45\jre\lib\jfxswt.jar;C:\Program Files\Java\jdk1.8.0_45\jre\lib\jsse.jar;C:\Program Files\Java\jdk1.8.0_45\jre\lib\management-agent.jar;C:\Program Files\Java\jdk1.8.0_45\jre\lib\plugin.jar;C:\Program Files\Java\jdk1.8.0_45\jre\lib\resources.jar;C:\Program Files\Java\jdk1.8.0_45\jre\lib\rt.jar;C:\Users\Lucas\Desktop\Projects\Android\ZombieSmash\desktop\build\classes\main;C:\Users\Lucas\Desktop\Projects\Android\ZombieSmash\core\build\classes\main;C:\Users\Lucas\.gradle\caches\modules-2\files-2.1\com.esotericsoftware.spine\spine-libgdx\3.5.51.1\e162298aee4f3e7a0be0fe3aa41d45b968b54014\spine-libgdx-3.5.51.1.jar;C:\Users\Lucas\.gradle\caches\modules-2\files-2.1\com.badlogicgames.gdx\gdx\1.9.6\47d1e9b890e364ec28f128e9bb3b9a12a94c164\gdx-1.9.6.jar;C:\Users\Lucas\.gradle\caches\modules-2\files-2.1\com.badlogicgames.gdx\gdx-box2d\1.9.6\c249ef4060a4fada952f278455c8f7b9cba3c18a\gdx-box2d-1.9.6.jar;C:\Users\Lucas\.gradle\caches\modules-2\files-2.1\com.badlogicgame
Launcher Type: SUN_STANDARD

Environment Variables:
JAVA_HOME=C:\Program Files\Java\jdk1.8.0_45
JRE_HOME=C:\Program Files\Java\jre1.8.0_45
PATH=C:\Program Files\Common Files\Microsoft Shared\Windows Live;C:\Program Files (x86)\Common Files\Microsoft Shared\Windows Live;C:\ProgramData\Oracle\Java\javapath;C:\Windows\system32;C:\Windows;C:\Windows\System32\Wbem;%SYSTEMROC:OT%\System32\WindowsPowerShell\v1.0\;C:\Python\Python27;C:\Python\Python352;C:\Python;C:\Program Files\TortoiseHg\;C:\Program Files (x86)\NVIDIA Corporation\PhysX\Common;C:\Program Files (x86)\Windows Live\Shared;C:\Program Files (x86)\Skype\Phone\;C:\Program Files (x86)\Common Files\Acronis\VirtualFile\;C:\Program Files (x86)\Common Files\Acronis\VirtualFile64\;C:\Program Files (x86)\Common Files\Acronis\SnapAPI\;C:\Program Files\Geth;C:\Program Files\Git\cmd;C:\Program Files (x86)\GtkSharp\2.12\bin;D:\Python\Python363\Scripts\;D:\Python\Python363\;C:\Ruby200-x64\bin;C:\Users\Lucas\AppData\Local\Programs\Python\Launcher\;C:\Program Files (x86)\Microsoft VS Code\bin
USERNAME=Lucas
OS=Windows_NT
PROCESSOR_IDENTIFIER=Intel64 Family 6 Model 60 Stepping 3, GenuineIntel



---------------  S Y S T E M  ---------------

OS: Windows 7 , 64 bit Build 7601 (6.1.7601.23889)

CPU:total 4 (4 cores per cpu, 1 threads per core) family 6 model 60 stepping 3, cmov, cx8, fxsr, mmx, sse, sse2, sse3, ssse3, sse4.1, sse4.2, popcnt, avx, avx2, aes, clmul, erms, lzcnt, tsc, tscinvbit, bmi1, bmi2

Memory: 4k page, physical 16719892k(6882392k free), swap 33437924k(14840260k free)

vm_info: Java HotSpot(TM) 64-Bit Server VM (25.45-b02) for windows-amd64 JRE (1.8.0_45-b15), built on Apr 30 2015 12:40:44 by "java_re" with MS VC++ 10.0 (VS2010)

time: Thu Nov 23 20:19:20 2017
elapsed time: 12 seconds (0d 0h 0m 12s)

