#
# A fatal error has been detected by the Java Runtime Environment:
#
#  EXCEPTION_ACCESS_VIOLATION (0xc0000005) at pc=0x0000000000000000, pid=4424, tid=0x0000000000001b5c
#
# JRE version: OpenJDK Runtime Environment (8.0_112-b06) (build 1.8.0_112-release-b06)
# Java VM: OpenJDK 64-Bit Server VM (25.112-b06 mixed mode windows-amd64 compressed oops)
# Problematic frame:
# C  0x0000000000000000
#
# Failed to write core dump. Minidumps are not enabled by default on client versions of Windows
#
# If you would like to submit a bug report, please visit:
#   http://bugreport.java.com/bugreport/crash.jsp
# The crash happened outside the Java Virtual Machine in native code.
# See problematic frame for where to report the bug.
#

---------------  T H R E A D  ---------------

Current thread (0x000000005ad42800):  JavaThread "LWJGL Application" [_thread_in_native, id=7004, stack(0x000000005c5a0000,0x000000005c6a0000)]

siginfo: ExceptionCode=0xc0000005, ExceptionInformation=0x0000000000000008 0x0000000000000000

Registers:
RAX=0x000000005fde8080, RBX=0x000000005fde7d80, RCX=0x000000005fde7d80, RDX=0x0000000000380750
RSP=0x000000005c69e958, RBP=0x000000000039a320, RSI=0x0000000000380750, RDI=0x0000000000380750
R8 =0x0000000000380750, R9 =0x000000005fde7d80, R10=0x0000000002907c68, R11=0x0000000066d92eb0
R12=0x0000000000000001, R13=0x00000000578b5048, R14=0x000000005c69eb40, R15=0x000000005ad42800
RIP=0x0000000000000000, EFLAGS=0x0000000000010206

Top of Stack: (sp=0x000000005c69e958)
0x000000005c69e958:   000000005b4a43f2 00000000ffffffff
0x000000005c69e968:   0000000000000000 0000000000000000
0x000000005c69e978:   000000005ad42800 0000000000000000
0x000000005c69e988:   000000005fde7d80 0000000000399c60
0x000000005c69e998:   000000005b4b2743 000000005ad42800
0x000000005c69e9a8:   000000005c69eac8 00000000029032c7
0x000000005c69e9b8:   00000000028f5410 0000000000380750
0x000000005c69e9c8:   000000005fde7d80 000000005ffca3c8
0x000000005c69e9d8:   000000005c69eb00 0000000000000000
0x000000005c69e9e8:   000000005b4b903d 000000005c69eb40
0x000000005c69e9f8:   000000005759bdf8 0000000000000000
0x000000005c69ea08:   000000005ad42800 000000005b4ec830
0x000000005c69ea18:   000000005ad429e0 000000005c69eb40
0x000000005c69ea28:   0000000066c26fd5 000000005b4ec8b0
0x000000005c69ea38:   000000005ad429e0 000000005c69eb40
0x000000005c69ea48:   000000005ffca828 0000000057681d08 

Instructions: (pc=0x0000000000000000)
0xffffffffffffffe0:   


Register to memory mapping:

RAX=0x000000005fde8080 is an unknown value
RBX=0x000000005fde7d80 is an unknown value
RCX=0x000000005fde7d80 is an unknown value
RDX=0x0000000000380750 is an unknown value
RSP=0x000000005c69e958 is pointing into the stack for thread: 0x000000005ad42800
RBP=0x000000000039a320 is an unknown value
RSI=0x0000000000380750 is an unknown value
RDI=0x0000000000380750 is an unknown value
R8 =0x0000000000380750 is an unknown value
R9 =0x000000005fde7d80 is an unknown value
R10=0x0000000002907c68 is at code_begin+840 in an Interpreter codelet
method entry point (kind = native)  [0x0000000002907920, 0x0000000002908280]  2400 bytes
R11=0x0000000066d92eb0 is an unknown value
R12=0x0000000000000001 is an unknown value
R13={method} {0x00000000578b5050} 'jniDestroyJoint' '(JJ)V' in 'com/badlogic/gdx/physics/box2d/World'
R14=0x000000005c69eb40 is pointing into the stack for thread: 0x000000005ad42800
R15=0x000000005ad42800 is a thread


Stack: [0x000000005c5a0000,0x000000005c6a0000],  sp=0x000000005c69e958,  free space=1018k
Native frames: (J=compiled Java code, j=interpreted, Vv=VM code, C=native code)

Java frames: (J=compiled Java code, j=interpreted, Vv=VM code)
j  com.badlogic.gdx.physics.box2d.World.jniDestroyJoint(JJ)V+0
j  com.badlogic.gdx.physics.box2d.World.destroyJoint(Lcom/badlogic/gdx/physics/box2d/Joint;)V+64
J 1793 C1 com.fcfruit.zombiesmash.zombies.Zombie.getUp()V (467 bytes) @ 0x000000000323286c [0x000000000322dbc0+0x4cac]
J 1808 C1 com.fcfruit.zombiesmash.zombies.Zombie.update(F)V (396 bytes) @ 0x0000000003241c74 [0x0000000003240960+0x1314]
J 1730 C2 com.fcfruit.zombiesmash.zombies.Zombie.draw(Lcom/badlogic/gdx/graphics/g2d/SpriteBatch;Lcom/esotericsoftware/spine/SkeletonRenderer;F)V (99 bytes) @ 0x0000000003164990 [0x0000000003163dc0+0xbd0]
J 1814 C2 com.fcfruit.zombiesmash.level.Level.draw(Lcom/badlogic/gdx/graphics/g2d/SpriteBatch;Lcom/esotericsoftware/spine/SkeletonRenderer;)V (129 bytes) @ 0x0000000003251ae0 [0x00000000032518e0+0x200]
J 1802 C1 com.fcfruit.zombiesmash.stages.GameStage.draw()V (271 bytes) @ 0x000000000323c23c [0x000000000323be40+0x3fc]
J 1501 C1 com.fcfruit.zombiesmash.screens.GameScreen.render(F)V (205 bytes) @ 0x0000000002fc7c5c [0x0000000002fc77c0+0x49c]
J 1541 C1 com.fcfruit.zombiesmash.ZombieSmash.render()V (35 bytes) @ 0x00000000030081b4 [0x0000000003007620+0xb94]
j  com.badlogic.gdx.backends.lwjgl.LwjglApplication.mainLoop()V+698
j  com.badlogic.gdx.backends.lwjgl.LwjglApplication$1.run()V+27
v  ~StubRoutines::call_stub

---------------  P R O C E S S  ---------------

Java Threads: ( => current thread )
  0x000000005adfc000 JavaThread "LWJGL Timer" daemon [_thread_blocked, id=8960, stack(0x000000005d1f0000,0x000000005d2f0000)]
  0x00000000022bf000 JavaThread "DestroyJavaVM" [_thread_blocked, id=7788, stack(0x0000000002520000,0x0000000002620000)]
=>0x000000005ad42800 JavaThread "LWJGL Application" [_thread_in_native, id=7004, stack(0x000000005c5a0000,0x000000005c6a0000)]
  0x0000000058e12000 JavaThread "Monitor Ctrl-Break" daemon [_thread_in_native, id=8440, stack(0x000000005b390000,0x000000005b490000)]
  0x0000000058ce5000 JavaThread "Service Thread" daemon [_thread_blocked, id=8028, stack(0x0000000059ca0000,0x0000000059da0000)]
  0x0000000058c94000 JavaThread "C1 CompilerThread3" daemon [_thread_blocked, id=8740, stack(0x000000005a790000,0x000000005a890000)]
  0x0000000058c93800 JavaThread "C2 CompilerThread2" daemon [_thread_blocked, id=7072, stack(0x000000005a680000,0x000000005a780000)]
  0x0000000057b8d000 JavaThread "C2 CompilerThread1" daemon [_thread_blocked, id=6428, stack(0x000000005a020000,0x000000005a120000)]
  0x0000000058c3c800 JavaThread "C2 CompilerThread0" daemon [_thread_blocked, id=6748, stack(0x000000005a480000,0x000000005a580000)]
  0x0000000058c3b800 JavaThread "Attach Listener" daemon [_thread_blocked, id=1300, stack(0x000000005a310000,0x000000005a410000)]
  0x0000000058c3a800 JavaThread "Signal Dispatcher" daemon [_thread_blocked, id=9012, stack(0x000000005a160000,0x000000005a260000)]
  0x0000000057b80800 JavaThread "Finalizer" daemon [_thread_blocked, id=5532, stack(0x0000000059f10000,0x000000005a010000)]
  0x0000000057b79800 JavaThread "Reference Handler" daemon [_thread_blocked, id=8496, stack(0x0000000059e10000,0x0000000059f10000)]

Other Threads:
  0x0000000058be3000 VMThread [stack: 0x0000000059ba0000,0x0000000059ca0000] [id=2640]
  0x0000000058ce7800 WatcherThread [stack: 0x000000005a930000,0x000000005aa30000] [id=4560]

VM state:not at safepoint (normal execution)

VM Mutex/Monitor currently owned by a thread: None

Heap:
 PSYoungGen      total 38400K, used 4723K [0x00000000d5c00000, 0x00000000d8680000, 0x0000000100000000)
  eden space 33280K, 5% used [0x00000000d5c00000,0x00000000d5dcf4d8,0x00000000d7c80000)
  from space 5120K, 56% used [0x00000000d8180000,0x00000000d844da18,0x00000000d8680000)
  to   space 5120K, 0% used [0x00000000d7c80000,0x00000000d7c80000,0x00000000d8180000)
 ParOldGen       total 87552K, used 606K [0x0000000081400000, 0x0000000086980000, 0x00000000d5c00000)
  object space 87552K, 0% used [0x0000000081400000,0x0000000081497898,0x0000000086980000)
 Metaspace       used 9734K, capacity 9775K, committed 9856K, reserved 1058816K
  class space    used 869K, capacity 882K, committed 896K, reserved 1048576K

Card table byte_map: [0x0000000011cb0000,0x00000000120b0000] byte_map_base: 0x00000000118a6000

Marking Bits: (ParMarkBitMap*) 0x00000000673518f0
 Begin Bits: [0x0000000012e30000, 0x0000000014de0000)
 End Bits:   [0x0000000014de0000, 0x0000000016d90000)

Polling page: 0x0000000000430000

CodeCache: size=245760Kb used=9554Kb max_used=9565Kb free=236205Kb
 bounds [0x00000000028f0000, 0x0000000003260000, 0x00000000118f0000]
 total_blobs=2316 nmethods=1799 adapters=431
 compilation: enabled

Compilation events (10 events):
Event: 40.146 Thread 0x0000000058c93800 1811       4       com.badlogic.gdx.scenes.scene2d.Stage::hit (40 bytes)
Event: 40.151 Thread 0x0000000058c93800 nmethod 1811 0x00000000032464d0 code [0x00000000032466c0, 0x0000000003246e08]
Event: 40.242 Thread 0x0000000057b8d000 1812       4       com.fcfruit.zombiesmash.physics.Physics::updateZombies (250 bytes)
Event: 40.275 Thread 0x0000000058c3c800 1813   !   4       java.io.PrintStream::newLine (73 bytes)
Event: 40.286 Thread 0x0000000058c3c800 nmethod 1813 0x0000000003249950 code [0x0000000003249b00, 0x000000000324a828]
Event: 40.290 Thread 0x0000000057b8d000 nmethod 1812 0x000000000324de10 code [0x000000000324e040, 0x000000000324f3c8]
Event: 40.392 Thread 0x0000000058c93800 1814       4       com.fcfruit.zombiesmash.level.Level::draw (129 bytes)
Event: 40.422 Thread 0x0000000058c93800 nmethod 1814 0x0000000003251650 code [0x00000000032518e0, 0x0000000003252a70]
Event: 40.475 Thread 0x0000000058c3c800 1815       4       java.nio.Bits::makeInt (29 bytes)
Event: 40.476 Thread 0x0000000058c3c800 nmethod 1815 0x0000000002f6cd50 code [0x0000000002f6ce80, 0x0000000002f6ced8]

GC Heap History (4 events):
Event: 3.802 GC heap before
{Heap before GC invocations=1 (full 0):
 PSYoungGen      total 38400K, used 33280K [0x00000000d5c00000, 0x00000000d8680000, 0x0000000100000000)
  eden space 33280K, 100% used [0x00000000d5c00000,0x00000000d7c80000,0x00000000d7c80000)
  from space 5120K, 0% used [0x00000000d8180000,0x00000000d8180000,0x00000000d8680000)
  to   space 5120K, 0% used [0x00000000d7c80000,0x00000000d7c80000,0x00000000d8180000)
 ParOldGen       total 87552K, used 0K [0x0000000081400000, 0x0000000086980000, 0x00000000d5c00000)
  object space 87552K, 0% used [0x0000000081400000,0x0000000081400000,0x0000000086980000)
 Metaspace       used 9267K, capacity 9327K, committed 9600K, reserved 1058816K
  class space    used 864K, capacity 882K, committed 896K, reserved 1048576K
Event: 3.808 GC heap after
Heap after GC invocations=1 (full 0):
 PSYoungGen      total 38400K, used 5118K [0x00000000d5c00000, 0x00000000d8680000, 0x0000000100000000)
  eden space 33280K, 0% used [0x00000000d5c00000,0x00000000d5c00000,0x00000000d7c80000)
  from space 5120K, 99% used [0x00000000d7c80000,0x00000000d817fa80,0x00000000d8180000)
  to   space 5120K, 0% used [0x00000000d8180000,0x00000000d8180000,0x00000000d8680000)
 ParOldGen       total 87552K, used 598K [0x0000000081400000, 0x0000000086980000, 0x00000000d5c00000)
  object space 87552K, 0% used [0x0000000081400000,0x0000000081495898,0x0000000086980000)
 Metaspace       used 9267K, capacity 9327K, committed 9600K, reserved 1058816K
  class space    used 864K, capacity 882K, committed 896K, reserved 1048576K
}
Event: 39.610 GC heap before
{Heap before GC invocations=2 (full 0):
 PSYoungGen      total 38400K, used 38398K [0x00000000d5c00000, 0x00000000d8680000, 0x0000000100000000)
  eden space 33280K, 100% used [0x00000000d5c00000,0x00000000d7c80000,0x00000000d7c80000)
  from space 5120K, 99% used [0x00000000d7c80000,0x00000000d817fa80,0x00000000d8180000)
  to   space 5120K, 0% used [0x00000000d8180000,0x00000000d8180000,0x00000000d8680000)
 ParOldGen       total 87552K, used 598K [0x0000000081400000, 0x0000000086980000, 0x00000000d5c00000)
  object space 87552K, 0% used [0x0000000081400000,0x0000000081495898,0x0000000086980000)
 Metaspace       used 9734K, capacity 9775K, committed 9856K, reserved 1058816K
  class space    used 869K, capacity 882K, committed 896K, reserved 1048576K
Event: 39.614 GC heap after
Heap after GC invocations=2 (full 0):
 PSYoungGen      total 38400K, used 2870K [0x00000000d5c00000, 0x00000000d8680000, 0x0000000100000000)
  eden space 33280K, 0% used [0x00000000d5c00000,0x00000000d5c00000,0x00000000d7c80000)
  from space 5120K, 56% used [0x00000000d8180000,0x00000000d844da18,0x00000000d8680000)
  to   space 5120K, 0% used [0x00000000d7c80000,0x00000000d7c80000,0x00000000d8180000)
 ParOldGen       total 87552K, used 606K [0x0000000081400000, 0x0000000086980000, 0x00000000d5c00000)
  object space 87552K, 0% used [0x0000000081400000,0x0000000081497898,0x0000000086980000)
 Metaspace       used 9734K, capacity 9775K, committed 9856K, reserved 1058816K
  class space    used 869K, capacity 882K, committed 896K, reserved 1048576K
}

Deoptimization events (10 events):
Event: 21.444 Thread 0x000000005ad42800 Uncommon trap: reason=unstable_if action=reinterpret pc=0x00000000030c8f9c method=com.fcfruit.zombiesmash.stages.GameStage.draw()V @ 195
Event: 38.675 Thread 0x000000005ad42800 Uncommon trap: reason=unstable_if action=reinterpret pc=0x000000000310d8a4 method=sun.misc.FloatingDecimal$BinaryToASCIIBuffer.dtoa(IJIZ)V @ 97
Event: 38.692 Thread 0x000000005ad42800 Uncommon trap: reason=unstable_if action=reinterpret pc=0x0000000003162aac method=sun.misc.FloatingDecimal$BinaryToASCIIBuffer.getChars([C)I @ 233
Event: 38.842 Thread 0x000000005ad42800 Uncommon trap: reason=unstable_if action=reinterpret pc=0x00000000031ad77c method=sun.misc.FloatingDecimal.getBinaryToASCIIConverter(F)Lsun/misc/FloatingDecimal$BinaryToASCIIConverter; @ 9
Event: 38.858 Thread 0x000000005ad42800 Uncommon trap: reason=unstable_if action=reinterpret pc=0x0000000003161f7c method=sun.misc.FloatingDecimal.getBinaryToASCIIConverter(F)Lsun/misc/FloatingDecimal$BinaryToASCIIConverter; @ 9
Event: 39.525 Thread 0x000000005ad42800 Uncommon trap: reason=unstable_if action=reinterpret pc=0x0000000003219ba0 method=sun.misc.FloatingDecimal.getBinaryToASCIIConverter(F)Lsun/misc/FloatingDecimal$BinaryToASCIIConverter; @ 67
Event: 39.659 Thread 0x000000005ad42800 Uncommon trap: reason=unstable_if action=reinterpret pc=0x00000000031552a4 method=com.fcfruit.zombiesmash.physics.Physics.updateZombies()V @ 228
Event: 39.675 Thread 0x000000005ad42800 Uncommon trap: reason=unstable_if action=reinterpret pc=0x0000000003159c28 method=com.fcfruit.zombiesmash.zombies.Zombie.update(F)V @ 180
Event: 39.813 Thread 0x000000005ad42800 Uncommon trap: reason=unstable_if action=reinterpret pc=0x0000000002fbeaf4 method=com.fcfruit.zombiesmash.physics.ContactFilter.shouldCollide(Lcom/badlogic/gdx/physics/box2d/Fixture;Lcom/badlogic/gdx/physics/box2d/Fixture;)Z @ 72
Event: 39.813 Thread 0x000000005ad42800 Uncommon trap: reason=unstable_if action=reinterpret pc=0x0000000002fa5c74 method=com.fcfruit.zombiesmash.physics.ContactFilter.shouldCollide(Lcom/badlogic/gdx/physics/box2d/Fixture;Lcom/badlogic/gdx/physics/box2d/Fixture;)Z @ 72

Internal exceptions (10 events):
Event: 0.345 Thread 0x00000000022bf000 Exception <a 'java/security/PrivilegedActionException'> (0x00000000d63f4c08) thrown at [C:\src\android\AOSP-openjdk\external\jetbrains\jdk\hotspot\src\share\vm\prims\jvm.cpp, line 1390]
Event: 0.346 Thread 0x00000000022bf000 Exception <a 'java/security/PrivilegedActionException'> (0x00000000d63f5d78) thrown at [C:\src\android\AOSP-openjdk\external\jetbrains\jdk\hotspot\src\share\vm\prims\jvm.cpp, line 1390]
Event: 0.346 Thread 0x00000000022bf000 Exception <a 'java/security/PrivilegedActionException'> (0x00000000d63faee0) thrown at [C:\src\android\AOSP-openjdk\external\jetbrains\jdk\hotspot\src\share\vm\prims\jvm.cpp, line 1390]
Event: 0.346 Thread 0x00000000022bf000 Exception <a 'java/security/PrivilegedActionException'> (0x00000000d63fbb38) thrown at [C:\src\android\AOSP-openjdk\external\jetbrains\jdk\hotspot\src\share\vm\prims\jvm.cpp, line 1390]
Event: 0.346 Thread 0x00000000022bf000 Exception <a 'java/security/PrivilegedActionException'> (0x00000000d63fc760) thrown at [C:\src\android\AOSP-openjdk\external\jetbrains\jdk\hotspot\src\share\vm\prims\jvm.cpp, line 1390]
Event: 3.701 Thread 0x000000005ad42800 Implicit null exception at 0x0000000002cc9a56 to 0x0000000002cc9d75
Event: 3.954 Thread 0x000000005ad42800 Implicit null exception at 0x0000000002df54b2 to 0x0000000002df6c55
Event: 7.831 Thread 0x000000005ad42800 Implicit null exception at 0x0000000002ded3d0 to 0x0000000002deda5d
Event: 7.831 Thread 0x000000005ad42800 Implicit null exception at 0x0000000002df2c64 to 0x0000000002df30a9
Event: 39.659 Thread 0x000000005ad42800 Implicit null exception at 0x0000000003154a48 to 0x0000000003155259

Events (10 events):
Event: 39.925 Thread 0x000000005ad42800 DEOPT PACKING pc=0x000000000320df41 sp=0x000000005c69eee0
Event: 39.925 Thread 0x000000005ad42800 DEOPT UNPACKING pc=0x00000000029375bf sp=0x000000005c69ec80 mode 0
Event: 40.042 Thread 0x000000005ad42800 DEOPT PACKING pc=0x000000000320df41 sp=0x000000005c69eee0
Event: 40.042 Thread 0x000000005ad42800 DEOPT UNPACKING pc=0x00000000029375bf sp=0x000000005c69ec80 mode 0
Event: 40.142 Thread 0x000000005ad42800 DEOPT PACKING pc=0x000000000320df41 sp=0x000000005c69eee0
Event: 40.142 Thread 0x000000005ad42800 DEOPT UNPACKING pc=0x00000000029375bf sp=0x000000005c69ec80 mode 0
Event: 40.242 Thread 0x000000005ad42800 DEOPT PACKING pc=0x000000000320df58 sp=0x000000005c69eee0
Event: 40.242 Thread 0x000000005ad42800 DEOPT UNPACKING pc=0x00000000029375bf sp=0x000000005c69ec80 mode 0
Event: 40.442 Thread 0x000000005ad42800 DEOPT PACKING pc=0x000000000323e430 sp=0x000000005c69efd0
Event: 40.442 Thread 0x000000005ad42800 DEOPT UNPACKING pc=0x00000000029375bf sp=0x000000005c69ee18 mode 0


Dynamic libraries:
0x000000013f830000 - 0x000000013f861000 	D:\Program Files\Android\jre\bin\java.exe
0x00000000774a0000 - 0x000000007764a000 	C:\Windows\SYSTEM32\ntdll.dll
0x0000000077280000 - 0x000000007739f000 	C:\Windows\system32\kernel32.dll
0x000007fefd1b0000 - 0x000007fefd21a000 	C:\Windows\system32\KERNELBASE.dll
0x000007fefe5a0000 - 0x000007fefe67b000 	C:\Windows\system32\ADVAPI32.dll
0x000007fefeda0000 - 0x000007fefee3f000 	C:\Windows\system32\msvcrt.dll
0x000007fefefa0000 - 0x000007fefefbf000 	C:\Windows\SYSTEM32\sechost.dll
0x000007fefe690000 - 0x000007fefe7bd000 	C:\Windows\system32\RPCRT4.dll
0x00000000773a0000 - 0x000000007749a000 	C:\Windows\system32\USER32.dll
0x000007fefeee0000 - 0x000007fefef47000 	C:\Windows\system32\GDI32.dll
0x000007feff7a0000 - 0x000007feff7ae000 	C:\Windows\system32\LPK.dll
0x000007fefebb0000 - 0x000007fefec7b000 	C:\Windows\system32\USP10.dll
0x000007fefbd80000 - 0x000007fefbf74000 	C:\Windows\WinSxS\amd64_microsoft.windows.common-controls_6595b64144ccf1df_6.0.7601.18837_none_fa3b1e3d17594757\COMCTL32.dll
0x000007fefd550000 - 0x000007fefd5c1000 	C:\Windows\system32\SHLWAPI.dll
0x000007fefefe0000 - 0x000007feff00e000 	C:\Windows\system32\IMM32.DLL
0x000007fefeaa0000 - 0x000007fefeba9000 	C:\Windows\system32\MSCTF.dll
0x0000000078b90000 - 0x0000000078c62000 	D:\Program Files\Android\jre\jre\bin\msvcr100.dll
0x0000000066b90000 - 0x00000000673cc000 	D:\Program Files\Android\jre\jre\bin\server\jvm.dll
0x000007fef9dc0000 - 0x000007fef9dc9000 	C:\Windows\system32\WSOCK32.dll
0x000007fefef50000 - 0x000007fefef9d000 	C:\Windows\system32\WS2_32.dll
0x000007fefe680000 - 0x000007fefe688000 	C:\Windows\system32\NSI.dll
0x000007fefb370000 - 0x000007fefb3ab000 	C:\Windows\system32\WINMM.dll
0x000007fefc270000 - 0x000007fefc27c000 	C:\Windows\system32\VERSION.dll
0x0000000077660000 - 0x0000000077667000 	C:\Windows\system32\PSAPI.DLL
0x000007fef8fa0000 - 0x000007fef8faf000 	D:\Program Files\Android\jre\jre\bin\verify.dll
0x000007fef8400000 - 0x000007fef8429000 	D:\Program Files\Android\jre\jre\bin\java.dll
0x000007fef8460000 - 0x000007fef8476000 	D:\Program Files\Android\jre\jre\bin\zip.dll
0x000007fefd810000 - 0x000007fefe59a000 	C:\Windows\system32\SHELL32.dll
0x000007fefe8a0000 - 0x000007fefea9c000 	C:\Windows\system32\ole32.dll
0x000007fefd1a0000 - 0x000007fefd1af000 	C:\Windows\system32\profapi.dll
0x000007fef70b0000 - 0x000007fef70bf000 	D:\Program Files\Android\bin\breakgen64.dll
0x000007fef83e0000 - 0x000007fef83fa000 	D:\Program Files\Android\jre\jre\bin\net.dll
0x000007fefc960000 - 0x000007fefc9b5000 	C:\Windows\system32\mswsock.dll
0x000007fefc950000 - 0x000007fefc957000 	C:\Windows\System32\wship6.dll
0x0000000065580000 - 0x0000000065616000 	D:\Users\lucas\AppData\Local\Temp\libgdxlucas\38c81921\gdx64.dll
0x000007fefc9c0000 - 0x000007fefc9d8000 	C:\Windows\system32\CRYPTSP.dll
0x000007fefc6c0000 - 0x000007fefc707000 	C:\Windows\system32\rsaenh.dll
0x000007fefd460000 - 0x000007fefd47e000 	C:\Windows\system32\USERENV.dll
0x000007fefd030000 - 0x000007fefd03f000 	C:\Windows\system32\CRYPTBASE.dll
0x000007fefac50000 - 0x000007fefac77000 	C:\Windows\system32\IPHLPAPI.DLL
0x000007fefac30000 - 0x000007fefac3b000 	C:\Windows\system32\WINNSI.DLL
0x000007fefa8e0000 - 0x000007fefa8f8000 	C:\Windows\system32\dhcpcsvc.DLL
0x000007fefa730000 - 0x000007fefa741000 	C:\Windows\system32\dhcpcsvc6.DLL
0x000007fef83c0000 - 0x000007fef83d1000 	D:\Program Files\Android\jre\jre\bin\nio.dll
0x0000000180000000 - 0x0000000180053000 	D:\Users\lucas\AppData\Local\Temp\libgdxlucas\dc0f0009\lwjgl64.dll
0x000007fef0390000 - 0x000007fef04ad000 	C:\Windows\system32\OPENGL32.dll
0x000007fef07b0000 - 0x000007fef07dd000 	C:\Windows\system32\GLU32.dll
0x000007fef0290000 - 0x000007fef0381000 	C:\Windows\system32\DDRAW.dll
0x000007fef6fc0000 - 0x000007fef6fc8000 	C:\Windows\system32\DCIMAN32.dll
0x000007fefd5d0000 - 0x000007fefd7a7000 	C:\Windows\system32\SETUPAPI.dll
0x000007fefd490000 - 0x000007fefd4c6000 	C:\Windows\system32\CFGMGR32.dll
0x000007fefe7c0000 - 0x000007fefe89a000 	C:\Windows\system32\OLEAUT32.dll
0x000007fefd520000 - 0x000007fefd53a000 	C:\Windows\system32\DEVOBJ.dll
0x000007fefae10000 - 0x000007fefae28000 	C:\Windows\system32\dwmapi.dll
0x00000000024a0000 - 0x0000000002504000 	D:\Users\lucas\AppData\Local\Temp\libgdxlucas\dc0f0009\OpenAL64.dll
0x000007fefb7a0000 - 0x000007fefb7f6000 	C:\Windows\system32\uxtheme.dll
0x0000000070fc0000 - 0x0000000070fcd000 	D:\Program Files\WinSplit\App\WinSplit\WinSplitHook64.DLL
0x000007fefec80000 - 0x000007fefed19000 	C:\Windows\system32\CLBCatQ.DLL
0x000007fefba60000 - 0x000007fefbb8c000 	C:\Windows\System32\PROPSYS.dll
0x000007fefd4e0000 - 0x000007fefd51b000 	C:\Windows\system32\WINTRUST.dll
0x000007fefd2c0000 - 0x000007fefd42d000 	C:\Windows\system32\CRYPT32.dll
0x000007fefd190000 - 0x000007fefd19f000 	C:\Windows\system32\MSASN1.dll
0x000007fef0ea0000 - 0x000007fef0f28000 	C:\Windows\system32\dsound.dll
0x000007fefb930000 - 0x000007fefb95c000 	C:\Windows\system32\POWRPROF.dll
0x000007fefb530000 - 0x000007fefb57b000 	C:\Windows\System32\MMDevApi.dll
0x000007fefab30000 - 0x000007fefab7f000 	C:\Windows\system32\AUDIOSES.DLL
0x000007fee6a40000 - 0x000007fee7372000 	C:\Windows\system32\ig75icd64.dll
0x000007fef4af0000 - 0x000007fef54d4000 	C:\Windows\system32\igdusc64.dll
0x000007fefae30000 - 0x000007fefae41000 	C:\Windows\system32\WTSAPI32.dll
0x000007fef6350000 - 0x000007fef63ec000 	C:\Windows\system32\mscms.dll
0x000007feea600000 - 0x000007feea642000 	C:\Windows\system32\icm32.dll
0x000000005b490000 - 0x000000005b54b000 	D:\Users\lucas\AppData\Local\Temp\libgdxlucas\935f82d0\gdx-box2d64.dll
0x000007fef5de0000 - 0x000007fef5f05000 	C:\Windows\system32\dbghelp.dll

VM Arguments:
jvm_args: -Didea.launcher.port=7532 -Didea.launcher.bin.path=D:\Program Files\Android\bin -Dfile.encoding=UTF-8 
java_command: com.intellij.rt.execution.application.AppMain com.fcfruit.zombiesmash.desktop.DesktopLauncher
java_class_path (initial): D:\Program Files\Android\jre\jre\lib\charsets.jar;D:\Program Files\Android\jre\jre\lib\ext\access-bridge-64.jar;D:\Program Files\Android\jre\jre\lib\ext\cldrdata.jar;D:\Program Files\Android\jre\jre\lib\ext\dnsns.jar;D:\Program Files\Android\jre\jre\lib\ext\jaccess.jar;D:\Program Files\Android\jre\jre\lib\ext\localedata.jar;D:\Program Files\Android\jre\jre\lib\ext\nashorn.jar;D:\Program Files\Android\jre\jre\lib\ext\sunec.jar;D:\Program Files\Android\jre\jre\lib\ext\sunjce_provider.jar;D:\Program Files\Android\jre\jre\lib\ext\sunmscapi.jar;D:\Program Files\Android\jre\jre\lib\ext\sunpkcs11.jar;D:\Program Files\Android\jre\jre\lib\ext\zipfs.jar;D:\Program Files\Android\jre\jre\lib\jce.jar;D:\Program Files\Android\jre\jre\lib\jsse.jar;D:\Program Files\Android\jre\jre\lib\management-agent.jar;D:\Program Files\Android\jre\jre\lib\resources.jar;D:\Program Files\Android\jre\jre\lib\rt.jar;D:\Users\lucas\Desktop\Projects\ZombieSmash\desktop\build\classes\main;D:\Users\lucas\Desktop\Projects\ZombieSmash\core\build\classes\main;D:\Users\lucas\.gradle\caches\modules-2\files-2.1\com.esotericsoftware.spine\spine-libgdx\3.5.51.1\e162298aee4f3e7a0be0fe3aa41d45b968b54014\spine-libgdx-3.5.51.1.jar;D:\Users\lucas\.gradle\caches\modules-2\files-2.1\com.badlogicgames.gdx\gdx\1.9.6\47d1e9b890e364ec28f128e9bb3b9a12a94c164\gdx-1.9.6.jar;D:\Users\lucas\.gradle\caches\modules-2\files-2.1\com.badlogicgames.gdx\gdx-box2d\1.9.6\c249ef4060a4fada952f278455c8f7b9cba3c18a\gdx-box2d-1.9.6.jar;D:\Users\lucas\.gradle\caches\modules-2\files-2.1\com.badlogicgames.gdx\gdx-controllers\1.9.6\ea1fd4884be631d9b7cd0f496b1ab39e31eb434b\gdx-controllers-1.9.6.jar;D:\Users\lucas\.gradle\caches\modules-2\files-2.1\com.badlogicgames.gdx\gdx-ai\1.8.0\ec30677d8ab1a8b8aa4b853c5f4e4b1361f50bf5\gdx-ai-1.8.0.jar;D:\Users\lucas\.gradle\caches\modules-2\files-2.1\com.badlogicgames.ashley\ashley\1.7.0\a7c4083c0a42027a3c03ba7ccecef6cbe1c5f0a4\ashley-1.7.0.jar;D:\Users\lucas\.gradle\caches\modul
Launcher Type: SUN_STANDARD

Environment Variables:
PATH=C:\Windows\system32;C:\Windows;C:\Windows\System32\Wbem;C:\Windows\System32\WindowsPowerShell\v1.0\;D:\Program Files\TortoiseHg\;C:\Program Files (x86)\GtkSharp\2.12\bin;D:\Program Files\CMake\bin;D:\Python\python27;D:\Go\bin;D:\Program Files\Git\cmd;C:\Program Files (x86)\Common Files\Acronis\VirtualFile\;C:\Program Files (x86)\Common Files\Acronis\VirtualFile64\;C:\Program Files (x86)\Common Files\Acronis\SnapAPI\;D:\Users\lucas\AppData\Local\Programs\Python\Python36-32\Scripts\;D:\Users\lucas\AppData\Local\Programs\Python\Python36-32\
USERNAME=lucas
OS=Windows_NT
PROCESSOR_IDENTIFIER=Intel64 Family 6 Model 60 Stepping 3, GenuineIntel



---------------  S Y S T E M  ---------------

OS: Windows 7 , 64 bit Build 7601 (6.1.7601.23915)

CPU:total 8 (4 cores per cpu, 2 threads per core) family 6 model 60 stepping 3, cmov, cx8, fxsr, mmx, sse, sse2, sse3, ssse3, sse4.1, sse4.2, popcnt, avx, avx2, aes, clmul, erms, lzcnt, ht, tsc, tscinvbit, bmi1, bmi2

Memory: 4k page, physical 8302960k(2181240k free), swap 16604060k(7507380k free)

vm_info: OpenJDK 64-Bit Server VM (25.112-b06) for windows-amd64 JRE (1.8.0_112-release-b06), built on Dec  8 2016 00:54:26 by "builder" with MS VC++ 10.0 (VS2010)

time: Sun Dec 10 20:21:18 2017
elapsed time: 40 seconds (0d 0h 0m 40s)

