#
# A fatal error has been detected by the Java Runtime Environment:
#
#  EXCEPTION_ACCESS_VIOLATION (0xc0000005) at pc=0x0000017b00000177, pid=11508, tid=17516
#
# JRE version: Java(TM) SE Runtime Environment (8.0_45-b15) (build 1.8.0_45-b15)
# Java VM: Java HotSpot(TM) 64-Bit Server VM (25.45-b02 mixed mode windows-amd64 compressed oops)
# Problematic frame:
# C  0x0000017b00000177
#
# Failed to write core dump. Minidumps are not enabled by default on client versions of Windows
#
# If you would like to submit a bug report, please visit:
#   http://bugreport.java.com/bugreport/crash.jsp
# The crash happened outside the Java Virtual Machine in native code.
# See problematic frame for where to report the bug.
#

---------------  T H R E A D  ---------------

Current thread (0x000000001e781800):  JavaThread "LWJGL Application" [_thread_in_native, id=17516, stack(0x000000001faf0000,0x000000001fbf0000)]

siginfo: ExceptionCode=0xc0000005, ExceptionInformation=0x0000000000000008 0x0000017b00000177

Registers:
RAX=0x000000002170da40, RBX=0x000000002170d940, RCX=0x000000002170d940, RDX=0x00000000003bfaa0
RSP=0x000000001fbeee08, RBP=0x00000000003da2a0, RSI=0x00000000003bfaa0, RDI=0x00000000003bfaa0
R8 =0x00000000003bfaa0, R9 =0x000000002170d940, R10=0x0000000002855e08, R11=0x000000006f877ca0
R12=0x0000000000000001, R13=0x000000001bd358b0, R14=0x000000001fbeefe8, R15=0x000000001e781800
RIP=0x0000017b00000177, EFLAGS=0x0000000000010202

Top of Stack: (sp=0x000000001fbeee08)
0x000000001fbeee08:   0000000066bd43f2 000000003f800000
0x000000001fbeee18:   0000000000000000 0000000000000000
0x000000001fbeee28:   0000000000000000 00000000bf36e602
0x000000001fbeee38:   000000002170d940 00000000003d9ca0
0x000000001fbeee48:   0000000066be2743 0000000000000000
0x000000001fbeee58:   0000000000000000 000000001e858420
0x000000001fbeee68:   000000006f70ac9b 00000000003bfaa0
0x000000001fbeee78:   000000002170d940 0000000023d7ab10
0x000000001fbeee88:   000000001fbeefa8 0000000000000000
0x000000001fbeee98:   0000000066be903d 000000001fbef040
0x000000001fbeeea8:   0000000002861943 00000000028456d0
0x000000001fbeeeb8:   0000000000000000 0000000066c1c830
0x000000001fbeeec8:   000000001e7819f8 000000001fbeefe8
0x000000001fbeeed8:   000000001fbeeed8 0000000066c1c8b0
0x000000001fbeeee8:   000000001e7819f8 000000001fbeefe8
0x000000001fbeeef8:   0000000023d7af70 000000001bac2b48 

Instructions: (pc=0x0000017b00000177)
0x0000017b00000157:   
[error occurred during error reporting (printing registers, top of stack, instructions near pc), id 0xc0000005]

Register to memory mapping:

RAX=0x000000002170da40 is an unknown value
RBX=0x000000002170d940 is an unknown value
RCX=0x000000002170d940 is an unknown value
RDX=0x00000000003bfaa0 is an unknown value
RSP=0x000000001fbeee08 is pointing into the stack for thread: 0x000000001e781800
RBP=0x00000000003da2a0 is an unknown value
RSI=0x00000000003bfaa0 is an unknown value
RDI=0x00000000003bfaa0 is an unknown value
R8 =0x00000000003bfaa0 is an unknown value
R9 =0x000000002170d940 is an unknown value
R10=0x0000000002855e08 is at code_begin+840 in an Interpreter codelet
method entry point (kind = native)  [0x0000000002855ac0, 0x0000000002856420]  2400 bytes
R11=0x000000006f877ca0 is an unknown value
R12=0x0000000000000001 is an unknown value
R13={method} {0x000000001bd358b8} 'jniDestroyJoint' '(JJ)V' in 'com/badlogic/gdx/physics/box2d/World'
R14=0x000000001fbeefe8 is pointing into the stack for thread: 0x000000001e781800
R15=0x000000001e781800 is a thread


Stack: [0x000000001faf0000,0x000000001fbf0000],  sp=0x000000001fbeee08,  free space=1019k
Native frames: (J=compiled Java code, j=interpreted, Vv=VM code, C=native code)
C  0x0000017b00000177

Java frames: (J=compiled Java code, j=interpreted, Vv=VM code)
j  com.badlogic.gdx.physics.box2d.World.jniDestroyJoint(JJ)V+0
j  com.badlogic.gdx.physics.box2d.World.destroyJoint(Lcom/badlogic/gdx/physics/box2d/Joint;)V+64
j  com.fcfruit.zombiesmash.zombies.Part.touchUp(FFI)V+25
j  com.fcfruit.zombiesmash.zombies.Zombie.touchUp(FFI)V+51
j  com.fcfruit.zombiesmash.physics.Physics.touchUp(FFI)V+36
j  com.fcfruit.zombiesmash.stages.GameStage.touchUp(IIII)Z+34
j  com.badlogic.gdx.InputMultiplexer.touchUp(IIII)Z+36
j  com.badlogic.gdx.backends.lwjgl.LwjglInput.processEvents()V+283
j  com.badlogic.gdx.backends.lwjgl.LwjglApplication.mainLoop()V+600
j  com.badlogic.gdx.backends.lwjgl.LwjglApplication$1.run()V+27
v  ~StubRoutines::call_stub

---------------  P R O C E S S  ---------------

Java Threads: ( => current thread )
  0x000000001e818800 JavaThread "LWJGL Timer" daemon [_thread_blocked, id=18604, stack(0x00000000213e0000,0x00000000214e0000)]
  0x000000000217a800 JavaThread "DestroyJavaVM" [_thread_blocked, id=18824, stack(0x0000000002470000,0x0000000002570000)]
=>0x000000001e781800 JavaThread "LWJGL Application" [_thread_in_native, id=17516, stack(0x000000001faf0000,0x000000001fbf0000)]
  0x000000001d5a3800 JavaThread "Monitor Ctrl-Break" daemon [_thread_in_native, id=19064, stack(0x000000001e310000,0x000000001e410000)]
  0x000000001bfcf800 JavaThread "Service Thread" daemon [_thread_blocked, id=8612, stack(0x000000001e020000,0x000000001e120000)]
  0x000000001bfce000 JavaThread "C1 CompilerThread2" daemon [_thread_blocked, id=8200, stack(0x000000001de00000,0x000000001df00000)]
  0x000000001d278800 JavaThread "C2 CompilerThread1" daemon [_thread_blocked, id=18936, stack(0x000000001dbf0000,0x000000001dcf0000)]
  0x000000001bfc8000 JavaThread "C2 CompilerThread0" daemon [_thread_blocked, id=3440, stack(0x000000001d9d0000,0x000000001dad0000)]
  0x000000001bfc6800 JavaThread "Attach Listener" daemon [_thread_blocked, id=14444, stack(0x000000001d7d0000,0x000000001d8d0000)]
  0x000000001bfc5000 JavaThread "Signal Dispatcher" daemon [_thread_blocked, id=18716, stack(0x000000001d680000,0x000000001d780000)]
  0x000000001bf6a000 JavaThread "Finalizer" daemon [_thread_blocked, id=18896, stack(0x000000001d170000,0x000000001d270000)]
  0x000000001bf63000 JavaThread "Reference Handler" daemon [_thread_blocked, id=18952, stack(0x000000001d060000,0x000000001d160000)]

Other Threads:
  0x000000001bf5d800 VMThread [stack: 0x000000001ceb0000,0x000000001cfb0000] [id=18948]
  0x000000001d2e2000 WatcherThread [stack: 0x000000001dad0000,0x000000001dbd0000] [id=18740]

VM state:not at safepoint (normal execution)

VM Mutex/Monitor currently owned by a thread: None

Heap:
 PSYoungGen      total 76288K, used 48010K [0x000000076af00000, 0x0000000770400000, 0x00000007c0000000)
  eden space 65536K, 73% used [0x000000076af00000,0x000000076dde2810,0x000000076ef00000)
  from space 10752K, 0% used [0x000000076f980000,0x000000076f980000,0x0000000770400000)
  to   space 10752K, 0% used [0x000000076ef00000,0x000000076ef00000,0x000000076f980000)
 ParOldGen       total 175104K, used 0K [0x00000006c0c00000, 0x00000006cb700000, 0x000000076af00000)
  object space 175104K, 0% used [0x00000006c0c00000,0x00000006c0c00000,0x00000006cb700000)
 Metaspace       used 9887K, capacity 9983K, committed 10240K, reserved 1058816K
  class space    used 913K, capacity 946K, committed 1024K, reserved 1048576K

Card table byte_map: [0x0000000011c00000,0x0000000012400000] byte_map_base: 0x000000000e5fa000

Marking Bits: (ParMarkBitMap*) 0x000000006fe54040
 Begin Bits: [0x0000000012e30000, 0x0000000016e00000)
 End Bits:   [0x0000000016e00000, 0x000000001add0000)

Polling page: 0x0000000000230000

CodeCache: size=245760Kb used=6325Kb max_used=6336Kb free=239434Kb
 bounds [0x0000000002840000, 0x0000000002e80000, 0x0000000011840000]
 total_blobs=2140 nmethods=1620 adapters=433
 compilation: enabled

Compilation events (10 events):
Event: 10.490 Thread 0x000000001bfce000 nmethod 1619 0x0000000002e68c10 code [0x0000000002e68dc0, 0x0000000002e693b8]
Event: 10.490 Thread 0x000000001bfce000 1616       3       java.nio.Bits::int2 (6 bytes)
Event: 10.490 Thread 0x000000001bfce000 nmethod 1616 0x0000000002e6cb10 code [0x0000000002e6cc60, 0x0000000002e6cd90]
Event: 10.490 Thread 0x000000001bfce000 1617       3       java.nio.Bits::int1 (6 bytes)
Event: 10.490 Thread 0x000000001bfce000 nmethod 1617 0x0000000002e6ce10 code [0x0000000002e6cf60, 0x0000000002e6d090]
Event: 10.490 Thread 0x000000001bfce000 1618       3       java.nio.Bits::int0 (3 bytes)
Event: 10.490 Thread 0x000000001bfce000 nmethod 1618 0x0000000002e6d110 code [0x0000000002e6d260, 0x0000000002e6d390]
Event: 10.490 Thread 0x000000001bfce000 1620       3       java.nio.HeapByteBuffer::getInt (18 bytes)
Event: 10.491 Thread 0x000000001bfce000 nmethod 1620 0x0000000002e6d410 code [0x0000000002e6d620, 0x0000000002e6df68]
Event: 10.503 Thread 0x000000001d278800 nmethod 1612 0x0000000002e711d0 code [0x0000000002e71480, 0x0000000002e732a0]

GC Heap History (0 events):
No events

Deoptimization events (10 events):
Event: 6.564 Thread 0x000000001e781800 Uncommon trap: reason=unstable_if action=reinterpret pc=0x0000000002bca744 method=java.util.HashMap.getNode(ILjava/lang/Object;)Ljava/util/HashMap$Node; @ 116
Event: 6.679 Thread 0x000000001e781800 Uncommon trap: reason=null_check action=make_not_entrant pc=0x0000000002cc23b8 method=com.badlogic.gdx.utils.reflect.ClassReflection.isAssignableFrom(Ljava/lang/Class;Ljava/lang/Class;)Z @ 2
Event: 6.682 Thread 0x000000001e781800 Uncommon trap: reason=null_check action=make_not_entrant pc=0x0000000002cc94c4 method=com.badlogic.gdx.utils.ObjectMap.get(Ljava/lang/Object;)Ljava/lang/Object; @ 57
Event: 6.699 Thread 0x000000001e781800 Uncommon trap: reason=unstable_if action=reinterpret pc=0x0000000002c71950 method=com.badlogic.gdx.utils.ObjectMap.getStash(Ljava/lang/Object;)Ljava/lang/Object; @ 31
Event: 10.141 Thread 0x000000001e781800 Uncommon trap: reason=unstable_if action=reinterpret pc=0x0000000002e291c8 method=com.fcfruit.zombiesmash.zombies.Part.update()V @ 832
Event: 10.158 Thread 0x000000001e781800 Uncommon trap: reason=unstable_if action=reinterpret pc=0x0000000002df53f4 method=com.fcfruit.zombiesmash.zombies.Part.draw(Lcom/badlogic/gdx/graphics/g2d/SpriteBatch;)V @ 19
Event: 10.158 Thread 0x000000001e781800 Uncommon trap: reason=unstable_if action=reinterpret pc=0x0000000002df0784 method=com.badlogic.gdx.graphics.g2d.Sprite.translate(FF)V @ 24
Event: 10.158 Thread 0x000000001e781800 Uncommon trap: reason=unstable_if action=reinterpret pc=0x0000000002df8634 method=com.badlogic.gdx.graphics.g2d.Sprite.translate(FF)V @ 24
Event: 10.258 Thread 0x000000001e781800 Uncommon trap: reason=unstable_if action=reinterpret pc=0x0000000002dbe0d0 method=com.fcfruit.zombiesmash.zombies.Zombie.getPartFromPhysicsBody(Lcom/badlogic/gdx/physics/box2d/Body;)Lcom/fcfruit/zombiesmash/zombies/Part; @ 40
Event: 10.259 Thread 0x000000001e781800 Uncommon trap: reason=unstable_if action=reinterpret pc=0x0000000002d31e84 method=com.fcfruit.zombiesmash.zombies.Zombie.getPartFromPhysicsBody(Lcom/badlogic/gdx/physics/box2d/Body;)Lcom/fcfruit/zombiesmash/zombies/Part; @ 40

Internal exceptions (10 events):
Event: 0.210 Thread 0x000000000217a800 Exception <a 'java/security/PrivilegedActionException'> (0x000000076b8069a8) thrown at [C:\re\workspace\8-2-build-windows-amd64-cygwin\jdk8u45\3627\hotspot\src\share\vm\prims\jvm.cpp, line 1382]
Event: 0.210 Thread 0x000000000217a800 Exception <a 'java/security/PrivilegedActionException'> (0x000000076b80a8d0) thrown at [C:\re\workspace\8-2-build-windows-amd64-cygwin\jdk8u45\3627\hotspot\src\share\vm\prims\jvm.cpp, line 1382]
Event: 0.210 Thread 0x000000000217a800 Exception <a 'java/security/PrivilegedActionException'> (0x000000076b80aa88) thrown at [C:\re\workspace\8-2-build-windows-amd64-cygwin\jdk8u45\3627\hotspot\src\share\vm\prims\jvm.cpp, line 1382]
Event: 0.401 Thread 0x000000000217a800 Exception <a 'java/security/PrivilegedActionException'> (0x000000076ba1ef88) thrown at [C:\re\workspace\8-2-build-windows-amd64-cygwin\jdk8u45\3627\hotspot\src\share\vm\prims\jvm.cpp, line 1382]
Event: 0.401 Thread 0x000000000217a800 Exception <a 'java/security/PrivilegedActionException'> (0x000000076ba20bb0) thrown at [C:\re\workspace\8-2-build-windows-amd64-cygwin\jdk8u45\3627\hotspot\src\share\vm\prims\jvm.cpp, line 1382]
Event: 0.401 Thread 0x000000000217a800 Exception <a 'java/security/PrivilegedActionException'> (0x000000076ba21c70) thrown at [C:\re\workspace\8-2-build-windows-amd64-cygwin\jdk8u45\3627\hotspot\src\share\vm\prims\jvm.cpp, line 1382]
Event: 0.401 Thread 0x000000000217a800 Exception <a 'java/security/PrivilegedActionException'> (0x000000076ba26c68) thrown at [C:\re\workspace\8-2-build-windows-amd64-cygwin\jdk8u45\3627\hotspot\src\share\vm\prims\jvm.cpp, line 1382]
Event: 0.401 Thread 0x000000000217a800 Exception <a 'java/security/PrivilegedActionException'> (0x000000076ba27810) thrown at [C:\re\workspace\8-2-build-windows-amd64-cygwin\jdk8u45\3627\hotspot\src\share\vm\prims\jvm.cpp, line 1382]
Event: 0.401 Thread 0x000000000217a800 Exception <a 'java/security/PrivilegedActionException'> (0x000000076ba28388) thrown at [C:\re\workspace\8-2-build-windows-amd64-cygwin\jdk8u45\3627\hotspot\src\share\vm\prims\jvm.cpp, line 1382]
Event: 6.682 Thread 0x000000001e781800 Implicit null exception at 0x0000000002cc9182 to 0x0000000002cc94b5

Events (10 events):
Event: 10.158 Thread 0x000000001e781800 DEOPT UNPACKING pc=0x000000000288582a sp=0x000000001fbeebc8 mode 2
Event: 10.158 Thread 0x000000001e781800 Uncommon trap: trap_request=0xffffff65 fr.pc=0x0000000002df8634
Event: 10.158 Thread 0x000000001e781800 DEOPT PACKING pc=0x0000000002df8634 sp=0x000000001fbeec30
Event: 10.158 Thread 0x000000001e781800 DEOPT UNPACKING pc=0x000000000288582a sp=0x000000001fbeebd0 mode 2
Event: 10.258 Thread 0x000000001e781800 Uncommon trap: trap_request=0xffffff65 fr.pc=0x0000000002dbe0d0
Event: 10.258 Thread 0x000000001e781800 DEOPT PACKING pc=0x0000000002dbe0d0 sp=0x000000001fbee440
Event: 10.259 Thread 0x000000001e781800 DEOPT UNPACKING pc=0x000000000288582a sp=0x000000001fbee380 mode 2
Event: 10.259 Thread 0x000000001e781800 Uncommon trap: trap_request=0xffffff65 fr.pc=0x0000000002d31e84
Event: 10.259 Thread 0x000000001e781800 DEOPT PACKING pc=0x0000000002d31e84 sp=0x000000001fbee3b0
Event: 10.259 Thread 0x000000001e781800 DEOPT UNPACKING pc=0x000000000288582a sp=0x000000001fbee368 mode 2


Dynamic libraries:
0x000000013f6c0000 - 0x000000013f6f7000 	C:\Program Files\Java\jdk1.8.0_45\bin\java.exe
0x0000000077730000 - 0x00000000778da000 	C:\Windows\SYSTEM32\ntdll.dll
0x0000000077510000 - 0x000000007762f000 	C:\Windows\system32\kernel32.dll
0x000007fefd5c0000 - 0x000007fefd62a000 	C:\Windows\system32\KERNELBASE.dll
0x000007fefeb30000 - 0x000007fefec0b000 	C:\Windows\system32\ADVAPI32.dll
0x000007feff9a0000 - 0x000007feffa3f000 	C:\Windows\system32\msvcrt.dll
0x000007fefeb10000 - 0x000007fefeb2f000 	C:\Windows\SYSTEM32\sechost.dll
0x000007fefe640000 - 0x000007fefe76d000 	C:\Windows\system32\RPCRT4.dll
0x0000000077630000 - 0x000000007772a000 	C:\Windows\system32\USER32.dll
0x000007fefe2c0000 - 0x000007fefe327000 	C:\Windows\system32\GDI32.dll
0x000007fefeaa0000 - 0x000007fefeaae000 	C:\Windows\system32\LPK.dll
0x000007fefd7e0000 - 0x000007fefd8ab000 	C:\Windows\system32\USP10.dll
0x000007fefba70000 - 0x000007fefbc64000 	C:\Windows\WinSxS\amd64_microsoft.windows.common-controls_6595b64144ccf1df_6.0.7601.18837_none_fa3b1e3d17594757\COMCTL32.dll
0x000007fefd8b0000 - 0x000007fefd921000 	C:\Windows\system32\SHLWAPI.dll
0x000007fefd930000 - 0x000007fefd95e000 	C:\Windows\system32\IMM32.DLL
0x000007fefd9e0000 - 0x000007fefdae9000 	C:\Windows\system32\MSCTF.dll
0x00000000527a0000 - 0x0000000052872000 	C:\Program Files\Java\jdk1.8.0_45\jre\bin\msvcr100.dll
0x000000006f650000 - 0x000000006fed3000 	C:\Program Files\Java\jdk1.8.0_45\jre\bin\server\jvm.dll
0x000007fef6660000 - 0x000007fef6669000 	C:\Windows\system32\WSOCK32.dll
0x000007fefd990000 - 0x000007fefd9dd000 	C:\Windows\system32\WS2_32.dll
0x000007fefd980000 - 0x000007fefd988000 	C:\Windows\system32\NSI.dll
0x000007fef9b90000 - 0x000007fef9bcb000 	C:\Windows\system32\WINMM.dll
0x000007fefc3e0000 - 0x000007fefc3ec000 	C:\Windows\system32\VERSION.dll
0x0000000077900000 - 0x0000000077907000 	C:\Windows\system32\PSAPI.DLL
0x0000000072bc0000 - 0x0000000072bcf000 	C:\Program Files\Java\jdk1.8.0_45\jre\bin\verify.dll
0x00000000615b0000 - 0x00000000615d9000 	C:\Program Files\Java\jdk1.8.0_45\jre\bin\java.dll
0x000000005e590000 - 0x000000005e5a6000 	C:\Program Files\Java\jdk1.8.0_45\jre\bin\zip.dll
0x000007fefec10000 - 0x000007feff99a000 	C:\Windows\system32\SHELL32.dll
0x000007fefdaf0000 - 0x000007fefdcec000 	C:\Windows\system32\ole32.dll
0x000007fefd420000 - 0x000007fefd42f000 	C:\Windows\system32\profapi.dll
0x000007fefa3d0000 - 0x000007fefa3df000 	C:\Program Files\Android\Android Studio\bin\breakgen64.dll
0x000000005e410000 - 0x000000005e42a000 	C:\Program Files\Java\jdk1.8.0_45\jre\bin\net.dll
0x000007fefcbf0000 - 0x000007fefcc45000 	C:\Windows\system32\mswsock.dll
0x000007fefcbe0000 - 0x000007fefcbe7000 	C:\Windows\System32\wship6.dll
0x0000000065580000 - 0x0000000065616000 	C:\Users\Lucas\AppData\Local\Temp\libgdxLucas\38c81921\gdx64.dll
0x000007fefcc50000 - 0x000007fefcc68000 	C:\Windows\system32\CRYPTSP.dll
0x000007fefc950000 - 0x000007fefc997000 	C:\Windows\system32\rsaenh.dll
0x000007fefd4a0000 - 0x000007fefd4be000 	C:\Windows\system32\USERENV.dll
0x000007fefd260000 - 0x000007fefd26f000 	C:\Windows\system32\CRYPTBASE.dll
0x000007fefa4e0000 - 0x000007fefa507000 	C:\Windows\system32\IPHLPAPI.DLL
0x000007fefa4c0000 - 0x000007fefa4cb000 	C:\Windows\system32\WINNSI.DLL
0x000007fefa2d0000 - 0x000007fefa2e1000 	C:\Windows\system32\dhcpcsvc6.DLL
0x000007fefa2b0000 - 0x000007fefa2c8000 	C:\Windows\system32\dhcpcsvc.DLL
0x000000005e430000 - 0x000000005e441000 	C:\Program Files\Java\jdk1.8.0_45\jre\bin\nio.dll
0x0000000180000000 - 0x0000000180053000 	C:\Users\Lucas\AppData\Local\Temp\libgdxLucas\dc0f0009\lwjgl64.dll
0x000007fecf6f0000 - 0x000007fecf80d000 	C:\Windows\system32\OPENGL32.dll
0x000007fed8910000 - 0x000007fed893d000 	C:\Windows\system32\GLU32.dll
0x000007fed5b50000 - 0x000007fed5c41000 	C:\Windows\system32\DDRAW.dll
0x000007fefba40000 - 0x000007fefba48000 	C:\Windows\system32\DCIMAN32.dll
0x000007fefdfc0000 - 0x000007fefe197000 	C:\Windows\system32\SETUPAPI.dll
0x000007fefd570000 - 0x000007fefd5a6000 	C:\Windows\system32\CFGMGR32.dll
0x000007fefe330000 - 0x000007fefe40a000 	C:\Windows\system32\OLEAUT32.dll
0x000007fefd7c0000 - 0x000007fefd7da000 	C:\Windows\system32\DEVOBJ.dll
0x000007fefb460000 - 0x000007fefb478000 	C:\Windows\system32\dwmapi.dll
0x0000000012b70000 - 0x0000000012bd4000 	C:\Users\Lucas\AppData\Local\Temp\libgdxLucas\dc0f0009\OpenAL64.dll
0x000007fefb890000 - 0x000007fefb8e6000 	C:\Windows\system32\uxtheme.dll
0x000007fefe5a0000 - 0x000007fefe639000 	C:\Windows\system32\CLBCatQ.DLL
0x000007fefb8f0000 - 0x000007fefba1c000 	C:\Windows\System32\PROPSYS.dll
0x000007fefd440000 - 0x000007fefd47b000 	C:\Windows\system32\WINTRUST.dll
0x000007fefd650000 - 0x000007fefd7bd000 	C:\Windows\system32\CRYPT32.dll
0x000007fefd430000 - 0x000007fefd43f000 	C:\Windows\system32\MSASN1.dll
0x000007fefb1a0000 - 0x000007fefb228000 	C:\Windows\system32\dsound.dll
0x000007fefaf30000 - 0x000007fefaf5c000 	C:\Windows\system32\POWRPROF.dll
0x000007fefb480000 - 0x000007fefb4cb000 	C:\Windows\System32\MMDevApi.dll
0x000007fef9970000 - 0x000007fef99bf000 	C:\Windows\system32\AUDIOSES.DLL
0x0000000068540000 - 0x000000006a7fd000 	C:\Windows\system32\nvoglv64.DLL
0x000007fefc5d0000 - 0x000007fefc5e1000 	C:\Windows\system32\WTSAPI32.dll
0x000007fefc450000 - 0x000007fefc453000 	C:\Windows\system32\api-ms-win-core-synch-l1-2-0.DLL
0x000007fefc2f0000 - 0x000007fefc31d000 	C:\Windows\system32\ntmarta.dll
0x000007fefeab0000 - 0x000007fefeb02000 	C:\Windows\system32\WLDAP32.dll
0x000007fee6870000 - 0x000007fee6ac4000 	C:\Windows\system32\nvspcap64.dll
0x000007fef9000000 - 0x000007fef909c000 	C:\Windows\system32\mscms.dll
0x000007fee78e0000 - 0x000007fee7922000 	C:\Windows\system32\icm32.dll
0x000007fefc750000 - 0x000007fefc78d000 	C:\Windows\system32\WINSTA.dll
0x0000000066bc0000 - 0x0000000066c7b000 	C:\Users\Lucas\AppData\Local\Temp\libgdxLucas\935f82d0\gdx-box2d64.dll
0x000007fef55c0000 - 0x000007fef56e5000 	C:\Windows\system32\dbghelp.dll

VM Arguments:
jvm_args: -Didea.launcher.port=7533 -Didea.launcher.bin.path=C:\Program Files\Android\Android Studio\bin -Dfile.encoding=UTF-8 
java_command: com.intellij.rt.execution.application.AppMain com.fcfruit.zombiesmash.desktop.DesktopLauncher
java_class_path (initial): C:\Program Files\Java\jdk1.8.0_45\jre\lib\charsets.jar;C:\Program Files\Java\jdk1.8.0_45\jre\lib\deploy.jar;C:\Program Files\Java\jdk1.8.0_45\jre\lib\ext\access-bridge-64.jar;C:\Program Files\Java\jdk1.8.0_45\jre\lib\ext\cldrdata.jar;C:\Program Files\Java\jdk1.8.0_45\jre\lib\ext\dnsns.jar;C:\Program Files\Java\jdk1.8.0_45\jre\lib\ext\jaccess.jar;C:\Program Files\Java\jdk1.8.0_45\jre\lib\ext\jfxrt.jar;C:\Program Files\Java\jdk1.8.0_45\jre\lib\ext\localedata.jar;C:\Program Files\Java\jdk1.8.0_45\jre\lib\ext\nashorn.jar;C:\Program Files\Java\jdk1.8.0_45\jre\lib\ext\sunec.jar;C:\Program Files\Java\jdk1.8.0_45\jre\lib\ext\sunjce_provider.jar;C:\Program Files\Java\jdk1.8.0_45\jre\lib\ext\sunmscapi.jar;C:\Program Files\Java\jdk1.8.0_45\jre\lib\ext\sunpkcs11.jar;C:\Program Files\Java\jdk1.8.0_45\jre\lib\ext\zipfs.jar;C:\Program Files\Java\jdk1.8.0_45\jre\lib\javaws.jar;C:\Program Files\Java\jdk1.8.0_45\jre\lib\jce.jar;C:\Program Files\Java\jdk1.8.0_45\jre\lib\jfr.jar;C:\Program Files\Java\jdk1.8.0_45\jre\lib\jfxswt.jar;C:\Program Files\Java\jdk1.8.0_45\jre\lib\jsse.jar;C:\Program Files\Java\jdk1.8.0_45\jre\lib\management-agent.jar;C:\Program Files\Java\jdk1.8.0_45\jre\lib\plugin.jar;C:\Program Files\Java\jdk1.8.0_45\jre\lib\resources.jar;C:\Program Files\Java\jdk1.8.0_45\jre\lib\rt.jar;F:\ZombieSmash\desktop\build\classes\main;F:\ZombieSmash\core\build\classes\main;C:\Users\Lucas\.gradle\caches\modules-2\files-2.1\com.esotericsoftware.spine\spine-libgdx\3.5.51.1\e162298aee4f3e7a0be0fe3aa41d45b968b54014\spine-libgdx-3.5.51.1.jar;C:\Users\Lucas\.gradle\caches\modules-2\files-2.1\com.badlogicgames.gdx\gdx\1.9.6\47d1e9b890e364ec28f128e9bb3b9a12a94c164\gdx-1.9.6.jar;C:\Users\Lucas\.gradle\caches\modules-2\files-2.1\com.badlogicgames.gdx\gdx-box2d\1.9.6\c249ef4060a4fada952f278455c8f7b9cba3c18a\gdx-box2d-1.9.6.jar;C:\Users\Lucas\.gradle\caches\modules-2\files-2.1\com.badlogicgames.gdx\gdx-controllers\1.9.6\ea1fd4884be631d9b7cd0f496b1ab39e31eb434b\gdx-c
Launcher Type: SUN_STANDARD

Environment Variables:
JAVA_HOME=C:\Program Files\Java\jdk1.8.0_45
JRE_HOME=C:\Program Files\Java\jre1.8.0_45
PATH=C:\Program Files\Common Files\Microsoft Shared\Windows Live;C:\Program Files (x86)\Common Files\Microsoft Shared\Windows Live;C:\ProgramData\Oracle\Java\javapath;C:\Windows\system32;C:\Windows;C:\Windows\System32\Wbem;%SYSTEMROC:OT%\System32\WindowsPowerShell\v1.0\;C:\Python\Python27;C:\Python\Python352;C:\Python;C:\Program Files\TortoiseHg\;C:\Program Files (x86)\NVIDIA Corporation\PhysX\Common;C:\Program Files (x86)\Windows Live\Shared;C:\Program Files (x86)\Skype\Phone\;C:\Program Files (x86)\Common Files\Acronis\VirtualFile\;C:\Program Files (x86)\Common Files\Acronis\VirtualFile64\;C:\Program Files (x86)\Common Files\Acronis\SnapAPI\;C:\Program Files\Geth;C:\Program Files\Git\cmd;C:\Program Files (x86)\GtkSharp\2.12\bin;D:\Python\Python363\Scripts\;D:\Python\Python363\;C:\Ruby200-x64\bin;C:\Users\Lucas\AppData\Local\Programs\Python\Launcher\;C:\Program Files (x86)\Microsoft VS Code\bin
USERNAME=Lucas
OS=Windows_NT
PROCESSOR_IDENTIFIER=Intel64 Family 6 Model 60 Stepping 3, GenuineIntel



---------------  S Y S T E M  ---------------

OS: Windows 7 , 64 bit Build 7601 (6.1.7601.23915)

CPU:total 4 (4 cores per cpu, 1 threads per core) family 6 model 60 stepping 3, cmov, cx8, fxsr, mmx, sse, sse2, sse3, ssse3, sse4.1, sse4.2, popcnt, avx, avx2, aes, clmul, erms, lzcnt, tsc, tscinvbit, bmi1, bmi2

Memory: 4k page, physical 16719892k(4575732k free), swap 33437924k(13186384k free)

vm_info: Java HotSpot(TM) 64-Bit Server VM (25.45-b02) for windows-amd64 JRE (1.8.0_45-b15), built on Apr 30 2015 12:40:44 by "java_re" with MS VC++ 10.0 (VS2010)

time: Sat Dec 09 21:28:49 2017
elapsed time: 10 seconds (0d 0h 0m 10s)

