#
# A fatal error has been detected by the Java Runtime Environment:
#
#  EXCEPTION_ACCESS_VIOLATION (0xc0000005) at pc=0x0000000066bd43ef, pid=14792, tid=11800
#
# JRE version: Java(TM) SE Runtime Environment (8.0_45-b15) (build 1.8.0_45-b15)
# Java VM: Java HotSpot(TM) 64-Bit Server VM (25.45-b02 mixed mode windows-amd64 compressed oops)
# Problematic frame:
# C  [gdx-box2d64.dll+0x143ef]
#
# Failed to write core dump. Minidumps are not enabled by default on client versions of Windows
#
# If you would like to submit a bug report, please visit:
#   http://bugreport.java.com/bugreport/crash.jsp
# The crash happened outside the Java Virtual Machine in native code.
# See problematic frame for where to report the bug.
#

---------------  T H R E A D  ---------------

Current thread (0x000000001e87a800):  JavaThread "LWJGL Application" [_thread_in_native, id=11800, stack(0x000000001fcc0000,0x000000001fdc0000)]

siginfo: ExceptionCode=0xc0000005, reading address 0xffffffffffffffff

Registers:
RAX=0x0000000021308190, RBX=0x0000000021308090, RCX=0x0000000021308090, RDX=0x0000000000361aa0
RSP=0x000000001fdbea70, RBP=0x000000000037d320, RSI=0x0000000000361aa0, RDI=0x0000000000361aa0
R8 =0x0000000000361aa0, R9 =0x0000000021308090, R10=0x00000000026c5e08, R11=0x0000000070557ca0
R12=0x0000000000000001, R13=0x000000001bf05928, R14=0x000000001fdbec50, R15=0x000000001e87a800
RIP=0x0000000066bd43ef, EFLAGS=0x0000000000010202

Top of Stack: (sp=0x000000001fdbea70)
0x000000001fdbea70:   000000001bc68720 000000001e87a800
0x000000001fdbea80:   0000001900000001 0000000000000000
0x000000001fdbea90:   0000000000000000 0000000021308090
0x000000001fdbeaa0:   000000000037bbe0 0000000066be2743
0x000000001fdbeab0:   0000000023aa7828 0000000024e1c090
0x000000001fdbeac0:   000000001bc662e0 000000001e87a800
0x000000001fdbead0:   0000000000361aa0 0000000021308090
0x000000001fdbeae0:   000000001d697190 000000001fdbec10
0x000000001fdbeaf0:   0000000000000000 0000000066be903d
0x000000001fdbeb00:   000000001e87a800 000000001e87a800
0x000000001fdbeb10:   000000001fdbeb98 00000000026f582a
0x000000001fdbeb20:   0000000066c1c830 000000001e87a9f8
0x000000001fdbeb30:   000000001fdbec50 0000000000000000
0x000000001fdbeb40:   0000000066c1c8b0 000000001e87a9f8
0x000000001fdbeb50:   000000001fdbec50 000000001fdbebc8
0x000000001fdbeb60:   000000001bc6a028 000000001bf05928 

Instructions: (pc=0x0000000066bd43ef)
0x0000000066bd43cf:   b8 79 00 00 00 e8 a7 fc 01 00 31 c0 e9 f4 fd ff
0x0000000066bd43df:   ff 56 53 48 83 ec 28 48 8b 01 48 89 cb 48 89 d6
0x0000000066bd43ef:   ff 50 30 83 7b 08 0b 0f 87 94 00 00 00 44 8b 43
0x0000000066bd43ff:   08 48 8d 05 b9 28 04 00 4e 63 04 80 4c 01 c0 ff 


Register to memory mapping:

RAX=0x0000000021308190 is an unknown value
RBX=0x0000000021308090 is an unknown value
RCX=0x0000000021308090 is an unknown value
RDX=0x0000000000361aa0 is an unknown value
RSP=0x000000001fdbea70 is pointing into the stack for thread: 0x000000001e87a800
RBP=0x000000000037d320 is an unknown value
RSI=0x0000000000361aa0 is an unknown value
RDI=0x0000000000361aa0 is an unknown value
R8 =0x0000000000361aa0 is an unknown value
R9 =0x0000000021308090 is an unknown value
R10=0x00000000026c5e08 is at code_begin+840 in an Interpreter codelet
method entry point (kind = native)  [0x00000000026c5ac0, 0x00000000026c6420]  2400 bytes
R11=0x0000000070557ca0 is an unknown value
R12=0x0000000000000001 is an unknown value
R13={method} {0x000000001bf05930} 'jniDestroyJoint' '(JJ)V' in 'com/badlogic/gdx/physics/box2d/World'
R14=0x000000001fdbec50 is pointing into the stack for thread: 0x000000001e87a800
R15=0x000000001e87a800 is a thread


Stack: [0x000000001fcc0000,0x000000001fdc0000],  sp=0x000000001fdbea70,  free space=1018k
Native frames: (J=compiled Java code, j=interpreted, Vv=VM code, C=native code)
C  [gdx-box2d64.dll+0x143ef]
C  [gdx-box2d64.dll+0x22743]
C  [gdx-box2d64.dll+0x2903d]
C  0x00000000026c5e34

Java frames: (J=compiled Java code, j=interpreted, Vv=VM code)
j  com.badlogic.gdx.physics.box2d.World.jniDestroyJoint(JJ)V+0
j  com.badlogic.gdx.physics.box2d.World.destroyJoint(Lcom/badlogic/gdx/physics/box2d/Joint;)V+64
j  com.fcfruit.zombiesmash.zombies.Part.touchUp(FFI)V+25
j  com.fcfruit.zombiesmash.zombies.Zombie.touchUp(FFI)V+51
j  com.fcfruit.zombiesmash.physics.Physics.touchUp(FFI)V+36
j  com.fcfruit.zombiesmash.stages.GameStage.touchUp(IIII)Z+34
j  com.badlogic.gdx.InputMultiplexer.touchUp(IIII)Z+36
J 1504 C1 com.badlogic.gdx.backends.lwjgl.LwjglInput.processEvents()V (478 bytes) @ 0x0000000002c986d4 [0x0000000002c978e0+0xdf4]
j  com.badlogic.gdx.backends.lwjgl.LwjglApplication.mainLoop()V+600
j  com.badlogic.gdx.backends.lwjgl.LwjglApplication$1.run()V+27
v  ~StubRoutines::call_stub

---------------  P R O C E S S  ---------------

Java Threads: ( => current thread )
  0x000000001ec15000 JavaThread "LWJGL Timer" daemon [_thread_blocked, id=6960, stack(0x0000000020e10000,0x0000000020f10000)]
  0x000000000213a800 JavaThread "DestroyJavaVM" [_thread_blocked, id=13520, stack(0x00000000022e0000,0x00000000023e0000)]
=>0x000000001e87a800 JavaThread "LWJGL Application" [_thread_in_native, id=11800, stack(0x000000001fcc0000,0x000000001fdc0000)]
  0x000000001d660000 JavaThread "Monitor Ctrl-Break" daemon [_thread_in_native, id=14928, stack(0x000000001e3c0000,0x000000001e4c0000)]
  0x000000001d3f2800 JavaThread "Service Thread" daemon [_thread_blocked, id=14392, stack(0x000000001e080000,0x000000001e180000)]
  0x000000001d377800 JavaThread "C1 CompilerThread2" daemon [_thread_blocked, id=11908, stack(0x000000001de70000,0x000000001df70000)]
  0x000000001d376000 JavaThread "C2 CompilerThread1" daemon [_thread_blocked, id=14628, stack(0x000000001dbd0000,0x000000001dcd0000)]
  0x000000001c1df800 JavaThread "C2 CompilerThread0" daemon [_thread_blocked, id=2076, stack(0x000000001da70000,0x000000001db70000)]
  0x000000001c1db800 JavaThread "Attach Listener" daemon [_thread_blocked, id=15672, stack(0x000000001d950000,0x000000001da50000)]
  0x000000001c1da800 JavaThread "Signal Dispatcher" daemon [_thread_blocked, id=12276, stack(0x000000001d7e0000,0x000000001d8e0000)]
  0x000000001c17d800 JavaThread "Finalizer" daemon [_thread_blocked, id=9416, stack(0x000000001d270000,0x000000001d370000)]
  0x000000001c176800 JavaThread "Reference Handler" daemon [_thread_blocked, id=15912, stack(0x000000001d170000,0x000000001d270000)]

Other Threads:
  0x000000001c171800 VMThread [stack: 0x000000001d020000,0x000000001d120000] [id=14432]
  0x000000001d3fd800 WatcherThread [stack: 0x000000001dcf0000,0x000000001ddf0000] [id=5584]

VM state:not at safepoint (normal execution)

VM Mutex/Monitor currently owned by a thread: None

Heap:
 PSYoungGen      total 76288K, used 51615K [0x000000076af00000, 0x0000000770400000, 0x00000007c0000000)
  eden space 65536K, 78% used [0x000000076af00000,0x000000076e167f70,0x000000076ef00000)
  from space 10752K, 0% used [0x000000076f980000,0x000000076f980000,0x0000000770400000)
  to   space 10752K, 0% used [0x000000076ef00000,0x000000076ef00000,0x000000076f980000)
 ParOldGen       total 175104K, used 0K [0x00000006c0c00000, 0x00000006cb700000, 0x000000076af00000)
  object space 175104K, 0% used [0x00000006c0c00000,0x00000006c0c00000,0x00000006cb700000)
 Metaspace       used 9597K, capacity 9695K, committed 9984K, reserved 1058816K
  class space    used 886K, capacity 914K, committed 1024K, reserved 1048576K

Card table byte_map: [0x0000000011a70000,0x0000000012270000] byte_map_base: 0x000000000e46a000

Marking Bits: (ParMarkBitMap*) 0x0000000070b34040
 Begin Bits: [0x0000000013040000, 0x0000000017010000)
 End Bits:   [0x0000000017010000, 0x000000001afe0000)

Polling page: 0x0000000000440000

CodeCache: size=245760Kb used=6936Kb max_used=6942Kb free=238823Kb
 bounds [0x00000000026b0000, 0x0000000002d80000, 0x00000000116b0000]
 total_blobs=2188 nmethods=1669 adapters=432
 compilation: enabled

Compilation events (10 events):
Event: 46.136 Thread 0x000000001d377800 1665       3       java.util.HashMap$KeySet::iterator (12 bytes)
Event: 46.136 Thread 0x000000001d377800 nmethod 1665 0x0000000002d7aad0 code [0x0000000002d7ac40, 0x0000000002d7aea8]
Event: 46.152 Thread 0x000000001d377800 1666       3       com.fcfruit.zombiesmash.zombies.Zombie::touchDragged (58 bytes)
Event: 46.153 Thread 0x000000001d377800 nmethod 1666 0x0000000002d79dd0 code [0x0000000002d79fc0, 0x0000000002d7a7d8]
Event: 46.186 Thread 0x000000001d376000 1667       4       java.util.ArrayList$Itr::hasNext (20 bytes)
Event: 46.186 Thread 0x000000001d376000 nmethod 1667 0x0000000002d76a10 code [0x0000000002d76b40, 0x0000000002d76bd8]
Event: 46.202 Thread 0x000000001c1df800 1668       4       com.badlogic.gdx.physics.box2d.Body::setUserData (6 bytes)
Event: 46.202 Thread 0x000000001c1df800 nmethod 1668 0x0000000002c8d610 code [0x0000000002c8d740, 0x0000000002c8d7b8]
Event: 46.219 Thread 0x000000001d377800 1669       3       com.badlogic.gdx.physics.box2d.World::destroyBody (124 bytes)
Event: 46.220 Thread 0x000000001d377800 nmethod 1669 0x0000000002d7bb10 code [0x0000000002d7bd40, 0x0000000002d7c8d8]

GC Heap History (0 events):
No events

Deoptimization events (10 events):
Event: 5.667 Thread 0x000000001e87a800 Uncommon trap: reason=null_check action=make_not_entrant pc=0x0000000002b1a188 method=com.badlogic.gdx.utils.reflect.ClassReflection.isAssignableFrom(Ljava/lang/Class;Ljava/lang/Class;)Z @ 2
Event: 7.536 Thread 0x000000001e87a800 Uncommon trap: reason=unstable_if action=reinterpret pc=0x0000000002c3cc94 method=com.badlogic.gdx.physics.box2d.Box2DDebugRenderer.getColorByBody(Lcom/badlogic/gdx/physics/box2d/Body;)Lcom/badlogic/gdx/graphics/Color; @ 46
Event: 7.536 Thread 0x000000001e87a800 Uncommon trap: reason=unstable_if action=reinterpret pc=0x0000000002be1f40 method=com.badlogic.gdx.physics.box2d.Box2DDebugRenderer.getColorByBody(Lcom/badlogic/gdx/physics/box2d/Body;)Lcom/badlogic/gdx/graphics/Color; @ 46
Event: 45.670 Thread 0x000000001e87a800 Uncommon trap: reason=unstable_if action=reinterpret pc=0x0000000002cec964 method=com.fcfruit.zombiesmash.zombies.Zombie.updateParts()V @ 52
Event: 45.685 Thread 0x000000001e87a800 Uncommon trap: reason=unstable_if action=reinterpret pc=0x0000000002d5bd9c method=com.badlogic.gdx.physics.box2d.World.destroyBody(Lcom/badlogic/gdx/physics/box2d/Body;)V @ 9
Event: 45.686 Thread 0x000000001e87a800 Uncommon trap: reason=unstable_if action=reinterpret pc=0x0000000002c39534 method=com.fcfruit.zombiesmash.zombies.Part.draw(Lcom/badlogic/gdx/graphics/g2d/SpriteBatch;)V @ 19
Event: 45.686 Thread 0x000000001e87a800 Uncommon trap: reason=unstable_if action=reinterpret pc=0x0000000002c64e48 method=com.fcfruit.zombiesmash.zombies.Part.update()V @ 19
Event: 45.686 Thread 0x000000001e87a800 Uncommon trap: reason=unstable_if action=reinterpret pc=0x0000000002bdf0c4 method=com.badlogic.gdx.graphics.g2d.Sprite.translate(FF)V @ 24
Event: 45.686 Thread 0x000000001e87a800 Uncommon trap: reason=unstable_if action=reinterpret pc=0x0000000002cd2458 method=com.fcfruit.zombiesmash.zombies.Zombie.updateParts()V @ 52
Event: 46.453 Thread 0x000000001e87a800 Uncommon trap: reason=unstable_if action=reinterpret pc=0x0000000002d43250 method=com.badlogic.gdx.utils.LongMap.remove(J)Ljava/lang/Object; @ 111

Internal exceptions (10 events):
Event: 0.133 Thread 0x000000000213a800 Exception <a 'java/security/PrivilegedActionException'> (0x000000076b5ad470) thrown at [C:\re\workspace\8-2-build-windows-amd64-cygwin\jdk8u45\3627\hotspot\src\share\vm\prims\jvm.cpp, line 1382]
Event: 0.133 Thread 0x000000000213a800 Exception <a 'java/security/PrivilegedActionException'> (0x000000076b5ad628) thrown at [C:\re\workspace\8-2-build-windows-amd64-cygwin\jdk8u45\3627\hotspot\src\share\vm\prims\jvm.cpp, line 1382]
Event: 0.133 Thread 0x000000000213a800 Exception <a 'java/security/PrivilegedActionException'> (0x000000076b5b1550) thrown at [C:\re\workspace\8-2-build-windows-amd64-cygwin\jdk8u45\3627\hotspot\src\share\vm\prims\jvm.cpp, line 1382]
Event: 0.133 Thread 0x000000000213a800 Exception <a 'java/security/PrivilegedActionException'> (0x000000076b5b1708) thrown at [C:\re\workspace\8-2-build-windows-amd64-cygwin\jdk8u45\3627\hotspot\src\share\vm\prims\jvm.cpp, line 1382]
Event: 0.271 Thread 0x000000000213a800 Exception <a 'java/security/PrivilegedActionException'> (0x000000076b7d86b0) thrown at [C:\re\workspace\8-2-build-windows-amd64-cygwin\jdk8u45\3627\hotspot\src\share\vm\prims\jvm.cpp, line 1382]
Event: 0.271 Thread 0x000000000213a800 Exception <a 'java/security/PrivilegedActionException'> (0x000000076b7da2d8) thrown at [C:\re\workspace\8-2-build-windows-amd64-cygwin\jdk8u45\3627\hotspot\src\share\vm\prims\jvm.cpp, line 1382]
Event: 0.271 Thread 0x000000000213a800 Exception <a 'java/security/PrivilegedActionException'> (0x000000076b7db398) thrown at [C:\re\workspace\8-2-build-windows-amd64-cygwin\jdk8u45\3627\hotspot\src\share\vm\prims\jvm.cpp, line 1382]
Event: 0.271 Thread 0x000000000213a800 Exception <a 'java/security/PrivilegedActionException'> (0x000000076b7e0390) thrown at [C:\re\workspace\8-2-build-windows-amd64-cygwin\jdk8u45\3627\hotspot\src\share\vm\prims\jvm.cpp, line 1382]
Event: 0.271 Thread 0x000000000213a800 Exception <a 'java/security/PrivilegedActionException'> (0x000000076b7e0f38) thrown at [C:\re\workspace\8-2-build-windows-amd64-cygwin\jdk8u45\3627\hotspot\src\share\vm\prims\jvm.cpp, line 1382]
Event: 0.271 Thread 0x000000000213a800 Exception <a 'java/security/PrivilegedActionException'> (0x000000076b7e1ab0) thrown at [C:\re\workspace\8-2-build-windows-amd64-cygwin\jdk8u45\3627\hotspot\src\share\vm\prims\jvm.cpp, line 1382]

Events (10 events):
Event: 45.686 Thread 0x000000001e87a800 DEOPT UNPACKING pc=0x00000000026f582a sp=0x000000001fdbea50 mode 2
Event: 45.686 Thread 0x000000001e87a800 Uncommon trap: trap_request=0xffffff65 fr.pc=0x0000000002bdf0c4
Event: 45.686 Thread 0x000000001e87a800 DEOPT PACKING pc=0x0000000002bdf0c4 sp=0x000000001fdbea30
Event: 45.686 Thread 0x000000001e87a800 DEOPT UNPACKING pc=0x00000000026f582a sp=0x000000001fdbe968 mode 2
Event: 45.686 Thread 0x000000001e87a800 Uncommon trap: trap_request=0xffffff65 fr.pc=0x0000000002cd2458
Event: 45.686 Thread 0x000000001e87a800 DEOPT PACKING pc=0x0000000002cd2458 sp=0x000000001fdbeaf0
Event: 45.686 Thread 0x000000001e87a800 DEOPT UNPACKING pc=0x00000000026f582a sp=0x000000001fdbea88 mode 2
Event: 46.453 Thread 0x000000001e87a800 Uncommon trap: trap_request=0xffffff65 fr.pc=0x0000000002d43250
Event: 46.453 Thread 0x000000001e87a800 DEOPT PACKING pc=0x0000000002d43250 sp=0x000000001fdbebf0
Event: 46.453 Thread 0x000000001e87a800 DEOPT UNPACKING pc=0x00000000026f582a sp=0x000000001fdbeb98 mode 2


Dynamic libraries:
0x000000013fe60000 - 0x000000013fe97000 	C:\Program Files\Java\jdk1.8.0_45\bin\java.exe
0x0000000077640000 - 0x00000000777ea000 	C:\Windows\SYSTEM32\ntdll.dll
0x0000000077420000 - 0x000000007753f000 	C:\Windows\system32\kernel32.dll
0x000007fefd680000 - 0x000007fefd6ea000 	C:\Windows\system32\KERNELBASE.dll
0x000007fefe690000 - 0x000007fefe76b000 	C:\Windows\system32\ADVAPI32.dll
0x000007fefd700000 - 0x000007fefd79f000 	C:\Windows\system32\msvcrt.dll
0x000007fefe780000 - 0x000007fefe79f000 	C:\Windows\SYSTEM32\sechost.dll
0x000007fefe7a0000 - 0x000007fefe8cd000 	C:\Windows\system32\RPCRT4.dll
0x0000000077540000 - 0x000000007763a000 	C:\Windows\system32\USER32.dll
0x000007fefd8a0000 - 0x000007fefd907000 	C:\Windows\system32\GDI32.dll
0x000007fefd6f0000 - 0x000007fefd6fe000 	C:\Windows\system32\LPK.dll
0x000007fefd7d0000 - 0x000007fefd89b000 	C:\Windows\system32\USP10.dll
0x000007fefb980000 - 0x000007fefbb74000 	C:\Windows\WinSxS\amd64_microsoft.windows.common-controls_6595b64144ccf1df_6.0.7601.18837_none_fa3b1e3d17594757\COMCTL32.dll
0x000007feff850000 - 0x000007feff8c1000 	C:\Windows\system32\SHLWAPI.dll
0x000007fefd7a0000 - 0x000007fefd7ce000 	C:\Windows\system32\IMM32.DLL
0x000007fefe8d0000 - 0x000007fefe9d9000 	C:\Windows\system32\MSCTF.dll
0x000000006eed0000 - 0x000000006efa2000 	C:\Program Files\Java\jdk1.8.0_45\jre\bin\msvcr100.dll
0x0000000070330000 - 0x0000000070bb3000 	C:\Program Files\Java\jdk1.8.0_45\jre\bin\server\jvm.dll
0x000007fef3400000 - 0x000007fef3409000 	C:\Windows\system32\WSOCK32.dll
0x000007fefe340000 - 0x000007fefe38d000 	C:\Windows\system32\WS2_32.dll
0x000007fefe770000 - 0x000007fefe778000 	C:\Windows\system32\NSI.dll
0x000007fefa060000 - 0x000007fefa09b000 	C:\Windows\system32\WINMM.dll
0x000007fefc2f0000 - 0x000007fefc2fc000 	C:\Windows\system32\VERSION.dll
0x0000000077810000 - 0x0000000077817000 	C:\Windows\system32\PSAPI.DLL
0x0000000074350000 - 0x000000007435f000 	C:\Program Files\Java\jdk1.8.0_45\jre\bin\verify.dll
0x000000006f0c0000 - 0x000000006f0e9000 	C:\Program Files\Java\jdk1.8.0_45\jre\bin\java.dll
0x000000006eeb0000 - 0x000000006eec6000 	C:\Program Files\Java\jdk1.8.0_45\jre\bin\zip.dll
0x000007fefe9e0000 - 0x000007feff76a000 	C:\Windows\system32\SHELL32.dll
0x000007fefdaa0000 - 0x000007fefdc9c000 	C:\Windows\system32\ole32.dll
0x000007fefd330000 - 0x000007fefd33f000 	C:\Windows\system32\profapi.dll
0x000007fefae50000 - 0x000007fefae5f000 	C:\Program Files\Android\Android Studio\bin\breakgen64.dll
0x000000006f110000 - 0x000000006f12a000 	C:\Program Files\Java\jdk1.8.0_45\jre\bin\net.dll
0x000007fefca80000 - 0x000007fefcad5000 	C:\Windows\system32\mswsock.dll
0x000007fefcce0000 - 0x000007fefcce7000 	C:\Windows\System32\wship6.dll
0x0000000065580000 - 0x0000000065616000 	C:\Users\Lucas\AppData\Local\Temp\libgdxLucas\38c81921\gdx64.dll
0x000007fefcae0000 - 0x000007fefcaf8000 	C:\Windows\system32\CRYPTSP.dll
0x000007fefc810000 - 0x000007fefc857000 	C:\Windows\system32\rsaenh.dll
0x000007fefd3a0000 - 0x000007fefd3be000 	C:\Windows\system32\USERENV.dll
0x000007fefd130000 - 0x000007fefd13f000 	C:\Windows\system32\CRYPTBASE.dll
0x000007fefa220000 - 0x000007fefa247000 	C:\Windows\system32\IPHLPAPI.DLL
0x000007fefa1e0000 - 0x000007fefa1eb000 	C:\Windows\system32\WINNSI.DLL
0x000007fef9ee0000 - 0x000007fef9ef1000 	C:\Windows\system32\dhcpcsvc6.DLL
0x000007fef9fe0000 - 0x000007fef9ff8000 	C:\Windows\system32\dhcpcsvc.DLL
0x00000000646d0000 - 0x00000000646e1000 	C:\Program Files\Java\jdk1.8.0_45\jre\bin\nio.dll
0x0000000180000000 - 0x0000000180053000 	C:\Users\Lucas\AppData\Local\Temp\libgdxLucas\dc0f0009\lwjgl64.dll
0x000007fedb4e0000 - 0x000007fedb5fd000 	C:\Windows\system32\OPENGL32.dll
0x000007fedd840000 - 0x000007fedd86d000 	C:\Windows\system32\GLU32.dll
0x000007fedc5e0000 - 0x000007fedc6d1000 	C:\Windows\system32\DDRAW.dll
0x000007fee03a0000 - 0x000007fee03a8000 	C:\Windows\system32\DCIMAN32.dll
0x000007fefe390000 - 0x000007fefe567000 	C:\Windows\system32\SETUPAPI.dll
0x000007fefd610000 - 0x000007fefd646000 	C:\Windows\system32\CFGMGR32.dll
0x000007feff770000 - 0x000007feff84a000 	C:\Windows\system32\OLEAUT32.dll
0x000007fefd660000 - 0x000007fefd67a000 	C:\Windows\system32\DEVOBJ.dll
0x000007fefb370000 - 0x000007fefb388000 	C:\Windows\system32\dwmapi.dll
0x0000000002250000 - 0x00000000022b4000 	C:\Users\Lucas\AppData\Local\Temp\libgdxLucas\dc0f0009\OpenAL64.dll
0x000007fefb7a0000 - 0x000007fefb7f6000 	C:\Windows\system32\uxtheme.dll
0x0000000070fc0000 - 0x0000000070fcd000 	C:\Program Files (x86)\WinSplit Revolution\WinSplitHook64.DLL
0x000007fefe5f0000 - 0x000007fefe689000 	C:\Windows\system32\CLBCatQ.DLL
0x000007fefb800000 - 0x000007fefb92c000 	C:\Windows\System32\PROPSYS.dll
0x000007fefd360000 - 0x000007fefd39b000 	C:\Windows\system32\WINTRUST.dll
0x000007fefd490000 - 0x000007fefd5fd000 	C:\Windows\system32\CRYPT32.dll
0x000007fefd340000 - 0x000007fefd34f000 	C:\Windows\system32\MSASN1.dll
0x000007fef7080000 - 0x000007fef7108000 	C:\Windows\system32\dsound.dll
0x000007fefae10000 - 0x000007fefae3c000 	C:\Windows\system32\POWRPROF.dll
0x000007fefb390000 - 0x000007fefb3db000 	C:\Windows\System32\MMDevApi.dll
0x000007fef6f00000 - 0x000007fef6f4f000 	C:\Windows\system32\AUDIOSES.DLL
0x0000000068700000 - 0x000000006a9ba000 	C:\Windows\system32\nvoglv64.DLL
0x000007fefc4e0000 - 0x000007fefc4f1000 	C:\Windows\system32\WTSAPI32.dll
0x000007fefc360000 - 0x000007fefc363000 	C:\Windows\system32\api-ms-win-core-synch-l1-2-0.DLL
0x000007fefc140000 - 0x000007fefc16d000 	C:\Windows\system32\ntmarta.dll
0x000007feff8f0000 - 0x000007feff942000 	C:\Windows\system32\WLDAP32.dll
0x000007fee3da0000 - 0x000007fee3f5d000 	C:\Windows\system32\nvspcap64.dll
0x000007fef8da0000 - 0x000007fef8e3c000 	C:\Windows\system32\mscms.dll
0x000007fedfb20000 - 0x000007fedfb62000 	C:\Windows\system32\icm32.dll
0x000007fefd240000 - 0x000007fefd27d000 	C:\Windows\system32\WINSTA.dll
0x0000000066bc0000 - 0x0000000066c7b000 	C:\Users\Lucas\AppData\Local\Temp\libgdxLucas\935f82d0\gdx-box2d64.dll
0x000007fef6180000 - 0x000007fef62a5000 	C:\Windows\system32\dbghelp.dll

VM Arguments:
jvm_args: -Didea.launcher.port=7539 -Didea.launcher.bin.path=C:\Program Files\Android\Android Studio\bin -Dfile.encoding=UTF-8 
java_command: com.intellij.rt.execution.application.AppMain com.fcfruit.zombiesmash.desktop.DesktopLauncher
java_class_path (initial): C:\Program Files\Java\jdk1.8.0_45\jre\lib\charsets.jar;C:\Program Files\Java\jdk1.8.0_45\jre\lib\deploy.jar;C:\Program Files\Java\jdk1.8.0_45\jre\lib\ext\access-bridge-64.jar;C:\Program Files\Java\jdk1.8.0_45\jre\lib\ext\cldrdata.jar;C:\Program Files\Java\jdk1.8.0_45\jre\lib\ext\dnsns.jar;C:\Program Files\Java\jdk1.8.0_45\jre\lib\ext\jaccess.jar;C:\Program Files\Java\jdk1.8.0_45\jre\lib\ext\jfxrt.jar;C:\Program Files\Java\jdk1.8.0_45\jre\lib\ext\localedata.jar;C:\Program Files\Java\jdk1.8.0_45\jre\lib\ext\nashorn.jar;C:\Program Files\Java\jdk1.8.0_45\jre\lib\ext\sunec.jar;C:\Program Files\Java\jdk1.8.0_45\jre\lib\ext\sunjce_provider.jar;C:\Program Files\Java\jdk1.8.0_45\jre\lib\ext\sunmscapi.jar;C:\Program Files\Java\jdk1.8.0_45\jre\lib\ext\sunpkcs11.jar;C:\Program Files\Java\jdk1.8.0_45\jre\lib\ext\zipfs.jar;C:\Program Files\Java\jdk1.8.0_45\jre\lib\javaws.jar;C:\Program Files\Java\jdk1.8.0_45\jre\lib\jce.jar;C:\Program Files\Java\jdk1.8.0_45\jre\lib\jfr.jar;C:\Program Files\Java\jdk1.8.0_45\jre\lib\jfxswt.jar;C:\Program Files\Java\jdk1.8.0_45\jre\lib\jsse.jar;C:\Program Files\Java\jdk1.8.0_45\jre\lib\management-agent.jar;C:\Program Files\Java\jdk1.8.0_45\jre\lib\plugin.jar;C:\Program Files\Java\jdk1.8.0_45\jre\lib\resources.jar;C:\Program Files\Java\jdk1.8.0_45\jre\lib\rt.jar;C:\Users\Lucas\Desktop\Projects\Android\ZombieSmash\desktop\build\classes\main;C:\Users\Lucas\Desktop\Projects\Android\ZombieSmash\core\build\classes\main;C:\Users\Lucas\.gradle\caches\modules-2\files-2.1\com.esotericsoftware.spine\spine-libgdx\3.5.51.1\e162298aee4f3e7a0be0fe3aa41d45b968b54014\spine-libgdx-3.5.51.1.jar;C:\Users\Lucas\.gradle\caches\modules-2\files-2.1\com.badlogicgames.gdx\gdx\1.9.6\47d1e9b890e364ec28f128e9bb3b9a12a94c164\gdx-1.9.6.jar;C:\Users\Lucas\.gradle\caches\modules-2\files-2.1\com.badlogicgames.gdx\gdx-box2d\1.9.6\c249ef4060a4fada952f278455c8f7b9cba3c18a\gdx-box2d-1.9.6.jar;C:\Users\Lucas\.gradle\caches\modules-2\files-2.1\com.badlogicgame
Launcher Type: SUN_STANDARD

Environment Variables:
JAVA_HOME=C:\Program Files\Java\jdk1.8.0_45
JRE_HOME=C:\Program Files\Java\jre1.8.0_45
PATH=C:\Program Files\Common Files\Microsoft Shared\Windows Live;C:\Program Files (x86)\Common Files\Microsoft Shared\Windows Live;C:\ProgramData\Oracle\Java\javapath;C:\Windows\system32;C:\Windows;C:\Windows\System32\Wbem;%SYSTEMROC:OT%\System32\WindowsPowerShell\v1.0\;C:\Python\Python27;C:\Python\Python352;C:\Python;C:\Program Files\TortoiseHg\;C:\Program Files (x86)\NVIDIA Corporation\PhysX\Common;C:\Program Files (x86)\Windows Live\Shared;C:\Program Files (x86)\Skype\Phone\;C:\Program Files (x86)\Common Files\Acronis\VirtualFile\;C:\Program Files (x86)\Common Files\Acronis\VirtualFile64\;C:\Program Files (x86)\Common Files\Acronis\SnapAPI\;C:\Program Files\Geth;C:\Program Files\Git\cmd;C:\Program Files (x86)\GtkSharp\2.12\bin;D:\Python\Python363\Scripts\;D:\Python\Python363\;C:\Ruby200-x64\bin;C:\Users\Lucas\AppData\Local\Programs\Python\Launcher\;C:\Program Files (x86)\Microsoft VS Code\bin
USERNAME=Lucas
OS=Windows_NT
PROCESSOR_IDENTIFIER=Intel64 Family 6 Model 60 Stepping 3, GenuineIntel



---------------  S Y S T E M  ---------------

OS: Windows 7 , 64 bit Build 7601 (6.1.7601.23889)

CPU:total 4 (4 cores per cpu, 1 threads per core) family 6 model 60 stepping 3, cmov, cx8, fxsr, mmx, sse, sse2, sse3, ssse3, sse4.1, sse4.2, popcnt, avx, avx2, aes, clmul, erms, lzcnt, tsc, tscinvbit, bmi1, bmi2

Memory: 4k page, physical 16719892k(7791460k free), swap 33437924k(15031104k free)

vm_info: Java HotSpot(TM) 64-Bit Server VM (25.45-b02) for windows-amd64 JRE (1.8.0_45-b15), built on Apr 30 2015 12:40:44 by "java_re" with MS VC++ 10.0 (VS2010)

time: Sat Nov 25 10:08:51 2017
elapsed time: 46 seconds (0d 0h 0m 46s)

